#
# A fatal error has been detected by the Java Runtime Environment:
#
#  EXCEPTION_ACCESS_VIOLATION (0xc0000005) at pc=0x000002dab8ba5932, pid=20004, tid=12416
#
# JRE version: OpenJDK Runtime Environment Microsoft-25199 (11.0.12+7) (build 11.0.12+7)
# Java VM: OpenJDK 64-Bit Server VM Microsoft-25199 (11.0.12+7, mixed mode, tiered, compressed oops, g1 gc, windows-amd64)
# Problematic frame:
# J 4047 c2 java.util.Formatter$FormatSpecifier.<init>(Ljava/util/Formatter;Ljava/lang/String;Ljava/util/regex/Matcher;)V java.base@11.0.12 (259 bytes) @ 0x000002dab8ba5932 [0x000002dab8ba5420+0x0000000000000512]
#
# No core dump will be written. Minidumps are not enabled by default on client versions of Windows
#
# If you would like to submit a bug report, please visit:
#   https://github.com/microsoft/openjdk/issues
#

---------------  S U M M A R Y ------------

Command Line: -javaagent:C:\Program Files\JetBrains\IntelliJ\lib\idea_rt.jar=55723:C:\Program Files\JetBrains\IntelliJ\bin -Dfile.encoding=UTF-8 --module-path=C:\Users\paufb\.m2\repository\org\openjfx\javafx-web\11.0.2\javafx-web-11.0.2-win.jar;C:\Users\paufb\.m2\repository\com\dlsc\formsfx\formsfx-core\11.3.2\formsfx-core-11.3.2.jar;C:\Users\paufb\.m2\repository\org\controlsfx\controlsfx\11.1.0\controlsfx-11.1.0.jar;C:\Users\paufb\.m2\repository\org\openjfx\javafx-base\11.0.2\javafx-base-11.0.2-win.jar;C:\Users\paufb\.m2\repository\org\openjfx\javafx-graphics\11.0.2\javafx-graphics-11.0.2-win.jar;C:\Users\paufb\.m2\repository\eu\hansolo\tilesfx\11.48\tilesfx-11.48.jar;C:\Users\paufb\.m2\repository\org\kordamp\ikonli\ikonli-core\12.2.0\ikonli-core-12.2.0.jar;C:\Users\paufb\.m2\repository\org\kordamp\ikonli\ikonli-javafx\12.2.0\ikonli-javafx-12.2.0.jar;C:\Users\paufb\.m2\repository\org\openjfx\javafx-media\11.0.2\javafx-media-11.0.2-win.jar;C:\Users\paufb\IdeaProjects\MYXat\target\classes;C:\Users\paufb\.m2\repository\org\openjfx\javafx-controls\11.0.2\javafx-controls-11.0.2-win.jar;C:\Users\paufb\.m2\repository\org\kordamp\bootstrapfx\bootstrapfx-core\0.4.0\bootstrapfx-core-0.4.0.jar;C:\Users\paufb\.m2\repository\org\openjfx\javafx-fxml\11.0.2\javafx-fxml-11.0.2-win.jar;C:\Users\paufb\.m2\repository\net\synedra\validatorfx\0.1.13\validatorfx-0.1.13.jar -Djdk.module.main=com.example.myxat com.example.myxat/com.example.myxat.ClientApp

Host: AMD Ryzen 7 4800H with Radeon Graphics         , 16 cores, 15G,  Windows 10 , 64 bit Build 19041 (10.0.19041.1645)
Time: Mon May  9 18:37:09 2022 Romance Daylight Time elapsed time: 2825.630412 seconds (0d 0h 47m 5s)

---------------  T H R E A D  ---------------

Current thread (0x000002dacefb8800):  JavaThread "Thread-3" [_thread_in_Java, id=12416, stack(0x000000f2ed300000,0x000000f2ed400000)]

Stack: [0x000000f2ed300000,0x000000f2ed400000],  sp=0x000000f2ed3fec30,  free space=1019k
Native frames: (J=compiled Java code, j=interpreted, Vv=VM code, C=native code)
C  0x000002dab8ba5932


siginfo: EXCEPTION_ACCESS_VIOLATION (0xc0000005), reading address 0x00000000000000d6


Register to memory mapping:

RIP=0x000002dab8ba5932 is at entry_point+1298 in (nmethod*)0x000002dab8ba4f90
RAX=0x000000070a763c70 is an oop: [C 
{0x000000070a763c70} - klass: {type array char}
 - length: 256
RBX=0x0000000000000003 is an unknown value
RCX=0x0000000000000073 is an unknown value
RDX=0x000000000000421b is an unknown value
RSP=0x000000f2ed3fec30 is pointing into the stack for thread: 0x000002dacefb8800
RBP=0x0 is NULL
RSI=0x000000000000001a is an unknown value
RDI=0x0000000000000032 is an unknown value
R8 =0x0000000000000010 is an unknown value
R9 =0x0000000000000030 is an unknown value
R10=0x0000000000000073 is an unknown value
R11=0x00000000ffffffff is an unknown value
R12=0x0 is NULL
R13=0x0000000000000011 is an unknown value
R14=3802320378 is a compressed pointer to object: java.util.Formatter$Flags 
{0x0000000715166fd0} - klass: 'java/util/Formatter$Flags'
R15=0x000002dacefb8800 is a thread


Registers:
RAX=0x000000070a763c70, RBX=0x0000000000000003, RCX=0x0000000000000073, RDX=0x000000000000421b
RSP=0x000000f2ed3fec30, RBP=0x0000000000000000, RSI=0x000000000000001a, RDI=0x0000000000000032
R8 =0x0000000000000010, R9 =0x0000000000000030, R10=0x0000000000000073, R11=0x00000000ffffffff
R12=0x0000000000000000, R13=0x0000000000000011, R14=0x00000000e2a2cdfa, R15=0x000002dacefb8800
RIP=0x000002dab8ba5932, EFLAGS=0x0000000000010212

Top of Stack: (sp=0x000000f2ed3fec30)
0x000000f2ed3fec30:   0000000000000033 000000070acc49d0
0x000000f2ed3fec40:   00000033ffffffff ffffffff00000030
0x000000f2ed3fec50:   00000001ffffffff 0000000800000010
0x000000f2ed3fec60:   0000002000000040 0000000700000080
0x000000f2ed3fec70:   000000070aa42d08 0000000715166fa8
0x000000f2ed3fec80:   0000000715164560 00000007151645e0
0x000000f2ed3fec90:   00000007151645b8 e14e0fe4e2a2c8ac
0x000000f2ed3feca0:   e2a2cb70e2a2c8af 0000000715164578
0x000000f2ed3fecb0:   0000000000000031 000002dab8bf8518
0x000000f2ed3fecc0:   0000000715164728 e2a2c8af00000002
0x000000f2ed3fecd0:   00000000000002f5 00000000000002f0
0x000000f2ed3fece0:   000000070aa42d08 e2a2cd2de15485a1
0x000000f2ed3fecf0:   0000000800367018 0000000715166940
0x000000f2ed3fed00:   00000016ffffffff 000000070a426df8
0x000000f2ed3fed10:   000000070aa42d08 0000001600000041
0x000000f2ed3fed20:   0000000800367260 0000000715166f40 

Instructions: (pc=0x000002dab8ba5932)
0x000002dab8ba5832:   8b bb 0a 07 00 00 00 45 8b 5a 0c 45 8b d3 45 23
0x000002dab8ba5842:   56 0c 45 3b d3 0f 84 53 09 00 00 4c 8b 54 24 38
0x000002dab8ba5852:   41 8b 6a 1c 85 ed 0f 8c a6 0b 00 00 45 8b 52 34
0x000002dab8ba5862:   47 8b 44 d4 18 41 ff c8 41 83 f8 03 0f 8c 9c 0b
0x000002dab8ba5872:   00 00 4c 8b 5c 24 38 45 8b 5b 38 43 8b 4c dc 0c
0x000002dab8ba5882:   83 f9 0a 0f 86 69 09 00 00 4c 8b 4c 24 48 41 c7
0x000002dab8ba5892:   41 10 ff ff ff ff 47 8b 4c dc 28 45 85 c9 0f 8d
0x000002dab8ba58a2:   86 0b 00 00 41 83 f8 04 0f 8c a4 0b 00 00 83 f9
0x000002dab8ba58b2:   09 0f 86 5f 09 00 00 4c 8b 4c 24 48 41 c7 41 14
0x000002dab8ba58c2:   ff ff ff ff 47 8b 4c dc 30 45 85 c9 0f 8d 9c 0b
0x000002dab8ba58d2:   00 00 41 83 f8 05 0f 8c ba 0b 00 00 47 8b 5c dc
0x000002dab8ba58e2:   38 45 85 db 7c 47 4c 8b 44 24 48 41 c6 40 1a 01
0x000002dab8ba58f2:   4c 8b 44 24 40 45 8b 48 0c 4d 63 c3 48 8b 4c 24
0x000002dab8ba5902:   40 80 79 14 00 0f 85 89 06 00 00 43 8b 5c cc 0c
0x000002dab8ba5912:   44 3b db 0f 83 45 0d 00 00 4f 8d 1c cc 47 0f b6
0x000002dab8ba5922:   5c 03 10 41 83 fb 54 0f 84 51 04 00 00 43 8b 6c
0x000002dab8ba5932:   d4 18 ff cd 83 fd 06 0f 8c 75 0b 00 00 4c 8b 54
0x000002dab8ba5942:   24 38 41 8b 6a 38 45 8b 54 ec 0c 41 83 fa 0c 0f
0x000002dab8ba5952:   86 e5 08 00 00 45 8b 54 ec 40 4c 8b 5c 24 40 45
0x000002dab8ba5962:   0f be 43 14 45 8b 5b 0c 4d 63 ca 45 85 c0 0f 85
0x000002dab8ba5972:   26 05 00 00 47 8b 44 dc 0c 45 3b d0 0f 83 3c 0b
0x000002dab8ba5982:   00 00 4f 8d 14 dc 47 0f b6 6c 0a 10 4c 8b 54 24
0x000002dab8ba5992:   48 66 45 89 6a 18 45 8b 5a 14 45 8b 52 10 44 89
0x000002dab8ba59a2:   54 24 20 4c 8b 54 24 48 41 8b 5a 1c 45 0f b6 42
0x000002dab8ba59b2:   1a 49 63 cd 45 8b d5 41 83 c5 9e bf 85 71 57 e1
0x000002dab8ba59c2:   41 8b 7c fc 0c 49 b9 68 8c bb 0a 07 00 00 00 41
0x000002dab8ba59d2:   8b 51 0c 41 b9 87 71 57 e1 43 8b 74 cc 0c b8 81
0x000002dab8ba59e2:   71 57 e1 41 8b 44 c4 0c 41 b9 83 71 57 e1 43 8b
0x000002dab8ba59f2:   6c cc 0c 41 b9 7f 71 57 e1 47 8b 4c cc 0c 45 85
0x000002dab8ba5a02:   c0 0f 85 12 02 00 00 44 89 4c 24 38 89 6c 24 34
0x000002dab8ba5a12:   89 44 24 30 89 74 24 2c 89 54 24 24 89 7c 24 28
0x000002dab8ba5a22:   44 8b f3 41 8b fa 83 c7 bf 41 8b da 83 c3 90 45 


Stack slot to memory mapping:
stack at sp + 0 slots: 0x0000000000000033 is an unknown value
stack at sp + 1 slots: 0x000000070acc49d0 is an oop: java.util.regex.Pattern$GroupHead 
{0x000000070acc49d0} - klass: 'java/util/regex/Pattern$GroupHead'
stack at sp + 2 slots: 0x00000033ffffffff is an unknown value
stack at sp + 3 slots: 0xffffffff00000030 is an unknown value
stack at sp + 4 slots: 0x00000001ffffffff is an unknown value
stack at sp + 5 slots: 0x0000000800000010 is pointing into metadata
stack at sp + 6 slots: 0x0000002000000040 is an unknown value
stack at sp + 7 slots: 0x0000000700000080 is an unknown value



---------------  P R O C E S S  ---------------

Threads class SMR info:
_java_thread_list=0x000002dace5cfeb0, length=15, elements={
0x000002dacd130800, 0x000002dacd131800, 0x000002dacda3c800, 0x000002dacda3e800,
0x000002dacda41000, 0x000002dacda44000, 0x000002dacda47000, 0x000002dacda4a800,
0x000002dacd9e0800, 0x000002dacf630800, 0x000002dacf62c000, 0x000002dacdec0800,
0x000002dacfbf2000, 0x000002dacefb8800, 0x000002dacefb3800
}

Java Threads: ( => current thread )
  0x000002dacd130800 JavaThread "Reference Handler" daemon [_thread_blocked, id=14756, stack(0x000000f2ec800000,0x000000f2ec900000)]
  0x000002dacd131800 JavaThread "Finalizer" daemon [_thread_blocked, id=644, stack(0x000000f2ec900000,0x000000f2eca00000)]
  0x000002dacda3c800 JavaThread "Signal Dispatcher" daemon [_thread_blocked, id=4068, stack(0x000000f2eca00000,0x000000f2ecb00000)]
  0x000002dacda3e800 JavaThread "Attach Listener" daemon [_thread_blocked, id=7980, stack(0x000000f2ecb00000,0x000000f2ecc00000)]
  0x000002dacda41000 JavaThread "Service Thread" daemon [_thread_blocked, id=16296, stack(0x000000f2ecc00000,0x000000f2ecd00000)]
  0x000002dacda44000 JavaThread "C2 CompilerThread0" daemon [_thread_blocked, id=5592, stack(0x000000f2ecd00000,0x000000f2ece00000)]
  0x000002dacda47000 JavaThread "C1 CompilerThread0" daemon [_thread_blocked, id=13080, stack(0x000000f2ece00000,0x000000f2ecf00000)]
  0x000002dacda4a800 JavaThread "Sweeper thread" daemon [_thread_blocked, id=9308, stack(0x000000f2ecf00000,0x000000f2ed000000)]
  0x000002dacd9e0800 JavaThread "Common-Cleaner" daemon [_thread_blocked, id=10220, stack(0x000000f2ed100000,0x000000f2ed200000)]
  0x000002dacf630800 JavaThread "InvokeLaterDispatcher" daemon [_thread_blocked, id=12404, stack(0x000000f2edd00000,0x000000f2ede00000)]
  0x000002dacf62c000 JavaThread "Thread-2" daemon [_thread_in_native, id=4804, stack(0x000000f2ee900000,0x000000f2eea00000)]
  0x000002dacdec0800 JavaThread "Prism Font Disposer" daemon [_thread_blocked, id=3380, stack(0x000000f2ed500000,0x000000f2ed600000)]
  0x000002dacfbf2000 JavaThread "Cleaner-0" daemon [_thread_blocked, id=7048, stack(0x000000f2ed600000,0x000000f2ed700000)]
=>0x000002dacefb8800 JavaThread "Thread-3" [_thread_in_Java, id=12416, stack(0x000000f2ed300000,0x000000f2ed400000)]
  0x000002dacefb3800 JavaThread "DestroyJavaVM" [_thread_blocked, id=4720, stack(0x000000f2ec100000,0x000000f2ec200000)]

Other Threads:
  0x000002dacd12c800 VMThread "VM Thread" [stack: 0x000000f2ec700000,0x000000f2ec800000] [id=5328]
  0x000002dacf2df800 WatcherThread [stack: 0x000000f2ed900000,0x000000f2eda00000] [id=18512]
  0x000002daa6f43800 GCTaskThread "GC Thread#0" [stack: 0x000000f2ec200000,0x000000f2ec300000] [id=14316]
  0x000002dacf063000 GCTaskThread "GC Thread#1" [stack: 0x000000f2eeb00000,0x000000f2eec00000] [id=17428]
  0x000002dacfb5b800 GCTaskThread "GC Thread#2" [stack: 0x000000f2eec00000,0x000000f2eed00000] [id=7900]
  0x000002dacfa1a800 GCTaskThread "GC Thread#3" [stack: 0x000000f2eed00000,0x000000f2eee00000] [id=6616]
  0x000002dace819000 GCTaskThread "GC Thread#4" [stack: 0x000000f2eee00000,0x000000f2eef00000] [id=14112]
  0x000002dacf00c000 GCTaskThread "GC Thread#5" [stack: 0x000000f2eef00000,0x000000f2ef000000] [id=576]
  0x000002dacec87800 GCTaskThread "GC Thread#6" [stack: 0x000000f2ec000000,0x000000f2ec100000] [id=12112]
  0x000002dace3ff000 GCTaskThread "GC Thread#7" [stack: 0x000000f2ed000000,0x000000f2ed100000] [id=15176]
  0x000002daa6fa2000 ConcurrentGCThread "G1 Main Marker" [stack: 0x000000f2ec300000,0x000000f2ec400000] [id=6444]
  0x000002daa6fa3800 ConcurrentGCThread "G1 Conc#0" [stack: 0x000000f2ec400000,0x000000f2ec500000] [id=3656]
  0x000002dacfb5c800 ConcurrentGCThread "G1 Conc#1" [stack: 0x000000f2ed700000,0x000000f2ed800000] [id=16796]
  0x000002dacfb5d800 ConcurrentGCThread "G1 Conc#2" [stack: 0x000000f2ef100000,0x000000f2ef200000] [id=6844]
  0x000002dacd014800 ConcurrentGCThread "G1 Refine#0" [stack: 0x000000f2ec500000,0x000000f2ec600000] [id=11276]
  0x000002dacd015800 ConcurrentGCThread "G1 Young RemSet Sampling" [stack: 0x000000f2ec600000,0x000000f2ec700000] [id=18712]

Threads with active compile tasks:

VM state:not at safepoint (normal execution)

VM Mutex/Monitor currently owned by a thread: None

Heap address: 0x000000070a200000, size: 3934 MB, Compressed Oops mode: Zero based, Oop shift amount: 3
Narrow klass base: 0x0000000800000000, Narrow klass shift: 0
Compressed class space size: 1073741824 Address: 0x0000000800000000

Heap:
 garbage-first heap   total 303104K, used 135859K [0x000000070a200000, 0x0000000800000000)
  region size 1024K, 122 young (124928K), 1 survivors (1024K)
 Metaspace       used 26709K, capacity 27718K, committed 27776K, reserved 1073152K
  class space    used 3284K, capacity 3693K, committed 3712K, reserved 1048576K
Heap Regions: E=young(eden), S=young(survivor), O=old, HS=humongous(starts), HC=humongous(continues), CS=collection set, F=free, A=archive, TAMS=top-at-mark-start (previous, next)
|   0|0x000000070a200000, 0x000000070a300000, 0x000000070a300000|100%|HS|  |TAMS 0x000000070a200000, 0x000000070a200000| Complete 
|   1|0x000000070a300000, 0x000000070a400000, 0x000000070a400000|100%|HC|  |TAMS 0x000000070a300000, 0x000000070a300000| Complete 
|   2|0x000000070a400000, 0x000000070a500000, 0x000000070a500000|100%| O|  |TAMS 0x000000070a400000, 0x000000070a400000| Untracked 
|   3|0x000000070a500000, 0x000000070a600000, 0x000000070a600000|100%| O|  |TAMS 0x000000070a500000, 0x000000070a500000| Untracked 
|   4|0x000000070a600000, 0x000000070a700000, 0x000000070a700000|100%| O|  |TAMS 0x000000070a600000, 0x000000070a600000| Untracked 
|   5|0x000000070a700000, 0x000000070a800000, 0x000000070a800000|100%| O|  |TAMS 0x000000070a700000, 0x000000070a700000| Untracked 
|   6|0x000000070a800000, 0x000000070a900000, 0x000000070a900000|100%| O|  |TAMS 0x000000070a800000, 0x000000070a800000| Untracked 
|   7|0x000000070a900000, 0x000000070aa00000, 0x000000070aa00000|100%| O|  |TAMS 0x000000070a900000, 0x000000070a900000| Untracked 
|   8|0x000000070aa00000, 0x000000070ab00000, 0x000000070ab00000|100%| O|  |TAMS 0x000000070aa00000, 0x000000070aa00000| Untracked 
|   9|0x000000070ab00000, 0x000000070ac00000, 0x000000070ac00000|100%| O|  |TAMS 0x000000070ab00000, 0x000000070ab00000| Untracked 
|  10|0x000000070ac00000, 0x000000070ad00000, 0x000000070ad00000|100%| O|  |TAMS 0x000000070ac00000, 0x000000070ac00000| Untracked 
|  11|0x000000070ad00000, 0x000000070ae00000, 0x000000070ae00000|100%| O|  |TAMS 0x000000070ad00000, 0x000000070ad00000| Untracked 
|  12|0x000000070ae00000, 0x000000070aea9400, 0x000000070af00000| 66%| O|  |TAMS 0x000000070ae00000, 0x000000070ae00000| Untracked 
|  13|0x000000070af00000, 0x000000070af00000, 0x000000070b000000|  0%| F|  |TAMS 0x000000070af00000, 0x000000070af00000| Untracked 
|  14|0x000000070b000000, 0x000000070b000000, 0x000000070b100000|  0%| F|  |TAMS 0x000000070b000000, 0x000000070b000000| Untracked 
|  15|0x000000070b100000, 0x000000070b100000, 0x000000070b200000|  0%| F|  |TAMS 0x000000070b100000, 0x000000070b100000| Untracked 
|  16|0x000000070b200000, 0x000000070b200000, 0x000000070b300000|  0%| F|  |TAMS 0x000000070b200000, 0x000000070b200000| Untracked 
|  17|0x000000070b300000, 0x000000070b300000, 0x000000070b400000|  0%| F|  |TAMS 0x000000070b300000, 0x000000070b300000| Untracked 
|  18|0x000000070b400000, 0x000000070b400000, 0x000000070b500000|  0%| F|  |TAMS 0x000000070b400000, 0x000000070b400000| Untracked 
|  19|0x000000070b500000, 0x000000070b500000, 0x000000070b600000|  0%| F|  |TAMS 0x000000070b500000, 0x000000070b500000| Untracked 
|  20|0x000000070b600000, 0x000000070b600000, 0x000000070b700000|  0%| F|  |TAMS 0x000000070b600000, 0x000000070b600000| Untracked 
|  21|0x000000070b700000, 0x000000070b700000, 0x000000070b800000|  0%| F|  |TAMS 0x000000070b700000, 0x000000070b700000| Untracked 
|  22|0x000000070b800000, 0x000000070b800000, 0x000000070b900000|  0%| F|  |TAMS 0x000000070b800000, 0x000000070b800000| Untracked 
|  23|0x000000070b900000, 0x000000070b900000, 0x000000070ba00000|  0%| F|  |TAMS 0x000000070b900000, 0x000000070b900000| Untracked 
|  24|0x000000070ba00000, 0x000000070ba00000, 0x000000070bb00000|  0%| F|  |TAMS 0x000000070ba00000, 0x000000070ba00000| Untracked 
|  25|0x000000070bb00000, 0x000000070bb00000, 0x000000070bc00000|  0%| F|  |TAMS 0x000000070bb00000, 0x000000070bb00000| Untracked 
|  26|0x000000070bc00000, 0x000000070bc00000, 0x000000070bd00000|  0%| F|  |TAMS 0x000000070bc00000, 0x000000070bc00000| Untracked 
|  27|0x000000070bd00000, 0x000000070bd00000, 0x000000070be00000|  0%| F|  |TAMS 0x000000070bd00000, 0x000000070bd00000| Untracked 
|  28|0x000000070be00000, 0x000000070be00000, 0x000000070bf00000|  0%| F|  |TAMS 0x000000070be00000, 0x000000070be00000| Untracked 
|  29|0x000000070bf00000, 0x000000070bf00000, 0x000000070c000000|  0%| F|  |TAMS 0x000000070bf00000, 0x000000070bf00000| Untracked 
|  30|0x000000070c000000, 0x000000070c000000, 0x000000070c100000|  0%| F|  |TAMS 0x000000070c000000, 0x000000070c000000| Untracked 
|  31|0x000000070c100000, 0x000000070c100000, 0x000000070c200000|  0%| F|  |TAMS 0x000000070c100000, 0x000000070c100000| Untracked 
|  32|0x000000070c200000, 0x000000070c200000, 0x000000070c300000|  0%| F|  |TAMS 0x000000070c200000, 0x000000070c200000| Untracked 
|  33|0x000000070c300000, 0x000000070c300000, 0x000000070c400000|  0%| F|  |TAMS 0x000000070c300000, 0x000000070c300000| Untracked 
|  34|0x000000070c400000, 0x000000070c400000, 0x000000070c500000|  0%| F|  |TAMS 0x000000070c400000, 0x000000070c400000| Untracked 
|  35|0x000000070c500000, 0x000000070c500000, 0x000000070c600000|  0%| F|  |TAMS 0x000000070c500000, 0x000000070c500000| Untracked 
|  36|0x000000070c600000, 0x000000070c600000, 0x000000070c700000|  0%| F|  |TAMS 0x000000070c600000, 0x000000070c600000| Untracked 
|  37|0x000000070c700000, 0x000000070c700000, 0x000000070c800000|  0%| F|  |TAMS 0x000000070c700000, 0x000000070c700000| Untracked 
|  38|0x000000070c800000, 0x000000070c800000, 0x000000070c900000|  0%| F|  |TAMS 0x000000070c800000, 0x000000070c800000| Untracked 
|  39|0x000000070c900000, 0x000000070c900000, 0x000000070ca00000|  0%| F|  |TAMS 0x000000070c900000, 0x000000070c900000| Untracked 
|  40|0x000000070ca00000, 0x000000070ca00000, 0x000000070cb00000|  0%| F|  |TAMS 0x000000070ca00000, 0x000000070ca00000| Untracked 
|  41|0x000000070cb00000, 0x000000070cb00000, 0x000000070cc00000|  0%| F|  |TAMS 0x000000070cb00000, 0x000000070cb00000| Untracked 
|  42|0x000000070cc00000, 0x000000070cc00000, 0x000000070cd00000|  0%| F|  |TAMS 0x000000070cc00000, 0x000000070cc00000| Untracked 
|  43|0x000000070cd00000, 0x000000070cd00000, 0x000000070ce00000|  0%| F|  |TAMS 0x000000070cd00000, 0x000000070cd00000| Untracked 
|  44|0x000000070ce00000, 0x000000070ce00000, 0x000000070cf00000|  0%| F|  |TAMS 0x000000070ce00000, 0x000000070ce00000| Untracked 
|  45|0x000000070cf00000, 0x000000070cf00000, 0x000000070d000000|  0%| F|  |TAMS 0x000000070cf00000, 0x000000070cf00000| Untracked 
|  46|0x000000070d000000, 0x000000070d000000, 0x000000070d100000|  0%| F|  |TAMS 0x000000070d000000, 0x000000070d000000| Untracked 
|  47|0x000000070d100000, 0x000000070d100000, 0x000000070d200000|  0%| F|  |TAMS 0x000000070d100000, 0x000000070d100000| Untracked 
|  48|0x000000070d200000, 0x000000070d200000, 0x000000070d300000|  0%| F|  |TAMS 0x000000070d200000, 0x000000070d200000| Untracked 
|  49|0x000000070d300000, 0x000000070d300000, 0x000000070d400000|  0%| F|  |TAMS 0x000000070d300000, 0x000000070d300000| Untracked 
|  50|0x000000070d400000, 0x000000070d400000, 0x000000070d500000|  0%| F|  |TAMS 0x000000070d400000, 0x000000070d400000| Untracked 
|  51|0x000000070d500000, 0x000000070d500000, 0x000000070d600000|  0%| F|  |TAMS 0x000000070d500000, 0x000000070d500000| Untracked 
|  52|0x000000070d600000, 0x000000070d600000, 0x000000070d700000|  0%| F|  |TAMS 0x000000070d600000, 0x000000070d600000| Untracked 
|  53|0x000000070d700000, 0x000000070d700000, 0x000000070d800000|  0%| F|  |TAMS 0x000000070d700000, 0x000000070d700000| Untracked 
|  54|0x000000070d800000, 0x000000070d800000, 0x000000070d900000|  0%| F|  |TAMS 0x000000070d800000, 0x000000070d800000| Untracked 
|  55|0x000000070d900000, 0x000000070d900000, 0x000000070da00000|  0%| F|  |TAMS 0x000000070d900000, 0x000000070d900000| Untracked 
|  56|0x000000070da00000, 0x000000070da00000, 0x000000070db00000|  0%| F|  |TAMS 0x000000070da00000, 0x000000070da00000| Untracked 
|  57|0x000000070db00000, 0x000000070db00000, 0x000000070dc00000|  0%| F|  |TAMS 0x000000070db00000, 0x000000070db00000| Untracked 
|  58|0x000000070dc00000, 0x000000070dc00000, 0x000000070dd00000|  0%| F|  |TAMS 0x000000070dc00000, 0x000000070dc00000| Untracked 
|  59|0x000000070dd00000, 0x000000070dd00000, 0x000000070de00000|  0%| F|  |TAMS 0x000000070dd00000, 0x000000070dd00000| Untracked 
|  60|0x000000070de00000, 0x000000070de00000, 0x000000070df00000|  0%| F|  |TAMS 0x000000070de00000, 0x000000070de00000| Untracked 
|  61|0x000000070df00000, 0x000000070df00000, 0x000000070e000000|  0%| F|  |TAMS 0x000000070df00000, 0x000000070df00000| Untracked 
|  62|0x000000070e000000, 0x000000070e000000, 0x000000070e100000|  0%| F|  |TAMS 0x000000070e000000, 0x000000070e000000| Untracked 
|  63|0x000000070e100000, 0x000000070e100000, 0x000000070e200000|  0%| F|  |TAMS 0x000000070e100000, 0x000000070e100000| Untracked 
|  64|0x000000070e200000, 0x000000070e200000, 0x000000070e300000|  0%| F|  |TAMS 0x000000070e200000, 0x000000070e200000| Untracked 
|  65|0x000000070e300000, 0x000000070e300000, 0x000000070e400000|  0%| F|  |TAMS 0x000000070e300000, 0x000000070e300000| Untracked 
|  66|0x000000070e400000, 0x000000070e400000, 0x000000070e500000|  0%| F|  |TAMS 0x000000070e400000, 0x000000070e400000| Untracked 
|  67|0x000000070e500000, 0x000000070e500000, 0x000000070e600000|  0%| F|  |TAMS 0x000000070e500000, 0x000000070e500000| Untracked 
|  68|0x000000070e600000, 0x000000070e600000, 0x000000070e700000|  0%| F|  |TAMS 0x000000070e600000, 0x000000070e600000| Untracked 
|  69|0x000000070e700000, 0x000000070e700000, 0x000000070e800000|  0%| F|  |TAMS 0x000000070e700000, 0x000000070e700000| Untracked 
|  70|0x000000070e800000, 0x000000070e800000, 0x000000070e900000|  0%| F|  |TAMS 0x000000070e800000, 0x000000070e800000| Untracked 
|  71|0x000000070e900000, 0x000000070e900000, 0x000000070ea00000|  0%| F|  |TAMS 0x000000070e900000, 0x000000070e900000| Untracked 
|  72|0x000000070ea00000, 0x000000070ea00000, 0x000000070eb00000|  0%| F|  |TAMS 0x000000070ea00000, 0x000000070ea00000| Untracked 
|  73|0x000000070eb00000, 0x000000070eb00000, 0x000000070ec00000|  0%| F|  |TAMS 0x000000070eb00000, 0x000000070eb00000| Untracked 
|  74|0x000000070ec00000, 0x000000070ec00000, 0x000000070ed00000|  0%| F|  |TAMS 0x000000070ec00000, 0x000000070ec00000| Untracked 
|  75|0x000000070ed00000, 0x000000070ed00000, 0x000000070ee00000|  0%| F|  |TAMS 0x000000070ed00000, 0x000000070ed00000| Untracked 
|  76|0x000000070ee00000, 0x000000070ee00000, 0x000000070ef00000|  0%| F|  |TAMS 0x000000070ee00000, 0x000000070ee00000| Untracked 
|  77|0x000000070ef00000, 0x000000070ef00000, 0x000000070f000000|  0%| F|  |TAMS 0x000000070ef00000, 0x000000070ef00000| Untracked 
|  78|0x000000070f000000, 0x000000070f000000, 0x000000070f100000|  0%| F|  |TAMS 0x000000070f000000, 0x000000070f000000| Untracked 
|  79|0x000000070f100000, 0x000000070f100000, 0x000000070f200000|  0%| F|  |TAMS 0x000000070f100000, 0x000000070f100000| Untracked 
|  80|0x000000070f200000, 0x000000070f200000, 0x000000070f300000|  0%| F|  |TAMS 0x000000070f200000, 0x000000070f200000| Untracked 
|  81|0x000000070f300000, 0x000000070f300000, 0x000000070f400000|  0%| F|  |TAMS 0x000000070f300000, 0x000000070f300000| Untracked 
|  82|0x000000070f400000, 0x000000070f400000, 0x000000070f500000|  0%| F|  |TAMS 0x000000070f400000, 0x000000070f400000| Untracked 
|  83|0x000000070f500000, 0x000000070f500000, 0x000000070f600000|  0%| F|  |TAMS 0x000000070f500000, 0x000000070f500000| Untracked 
|  84|0x000000070f600000, 0x000000070f600000, 0x000000070f700000|  0%| F|  |TAMS 0x000000070f600000, 0x000000070f600000| Untracked 
|  85|0x000000070f700000, 0x000000070f700000, 0x000000070f800000|  0%| F|  |TAMS 0x000000070f700000, 0x000000070f700000| Untracked 
|  86|0x000000070f800000, 0x000000070f800000, 0x000000070f900000|  0%| F|  |TAMS 0x000000070f800000, 0x000000070f800000| Untracked 
|  87|0x000000070f900000, 0x000000070f900000, 0x000000070fa00000|  0%| F|  |TAMS 0x000000070f900000, 0x000000070f900000| Untracked 
|  88|0x000000070fa00000, 0x000000070fa00000, 0x000000070fb00000|  0%| F|  |TAMS 0x000000070fa00000, 0x000000070fa00000| Untracked 
|  89|0x000000070fb00000, 0x000000070fb00000, 0x000000070fc00000|  0%| F|  |TAMS 0x000000070fb00000, 0x000000070fb00000| Untracked 
|  90|0x000000070fc00000, 0x000000070fc00000, 0x000000070fd00000|  0%| F|  |TAMS 0x000000070fc00000, 0x000000070fc00000| Untracked 
|  91|0x000000070fd00000, 0x000000070fd00000, 0x000000070fe00000|  0%| F|  |TAMS 0x000000070fd00000, 0x000000070fd00000| Untracked 
|  92|0x000000070fe00000, 0x000000070fe00000, 0x000000070ff00000|  0%| F|  |TAMS 0x000000070fe00000, 0x000000070fe00000| Untracked 
|  93|0x000000070ff00000, 0x000000070ff00000, 0x0000000710000000|  0%| F|  |TAMS 0x000000070ff00000, 0x000000070ff00000| Untracked 
|  94|0x0000000710000000, 0x0000000710000000, 0x0000000710100000|  0%| F|  |TAMS 0x0000000710000000, 0x0000000710000000| Untracked 
|  95|0x0000000710100000, 0x0000000710100000, 0x0000000710200000|  0%| F|  |TAMS 0x0000000710100000, 0x0000000710100000| Untracked 
|  96|0x0000000710200000, 0x0000000710200000, 0x0000000710300000|  0%| F|  |TAMS 0x0000000710200000, 0x0000000710200000| Untracked 
|  97|0x0000000710300000, 0x0000000710300000, 0x0000000710400000|  0%| F|  |TAMS 0x0000000710300000, 0x0000000710300000| Untracked 
|  98|0x0000000710400000, 0x0000000710400000, 0x0000000710500000|  0%| F|  |TAMS 0x0000000710400000, 0x0000000710400000| Untracked 
|  99|0x0000000710500000, 0x0000000710500000, 0x0000000710600000|  0%| F|  |TAMS 0x0000000710500000, 0x0000000710500000| Untracked 
| 100|0x0000000710600000, 0x0000000710600000, 0x0000000710700000|  0%| F|  |TAMS 0x0000000710600000, 0x0000000710600000| Untracked 
| 101|0x0000000710700000, 0x0000000710700000, 0x0000000710800000|  0%| F|  |TAMS 0x0000000710700000, 0x0000000710700000| Untracked 
| 102|0x0000000710800000, 0x0000000710800000, 0x0000000710900000|  0%| F|  |TAMS 0x0000000710800000, 0x0000000710800000| Untracked 
| 103|0x0000000710900000, 0x0000000710900000, 0x0000000710a00000|  0%| F|  |TAMS 0x0000000710900000, 0x0000000710900000| Untracked 
| 104|0x0000000710a00000, 0x0000000710a00000, 0x0000000710b00000|  0%| F|  |TAMS 0x0000000710a00000, 0x0000000710a00000| Untracked 
| 105|0x0000000710b00000, 0x0000000710b00000, 0x0000000710c00000|  0%| F|  |TAMS 0x0000000710b00000, 0x0000000710b00000| Untracked 
| 106|0x0000000710c00000, 0x0000000710c00000, 0x0000000710d00000|  0%| F|  |TAMS 0x0000000710c00000, 0x0000000710c00000| Untracked 
| 107|0x0000000710d00000, 0x0000000710d00000, 0x0000000710e00000|  0%| F|  |TAMS 0x0000000710d00000, 0x0000000710d00000| Untracked 
| 108|0x0000000710e00000, 0x0000000710e00000, 0x0000000710f00000|  0%| F|  |TAMS 0x0000000710e00000, 0x0000000710e00000| Untracked 
| 109|0x0000000710f00000, 0x0000000710f00000, 0x0000000711000000|  0%| F|  |TAMS 0x0000000710f00000, 0x0000000710f00000| Untracked 
| 110|0x0000000711000000, 0x0000000711000000, 0x0000000711100000|  0%| F|  |TAMS 0x0000000711000000, 0x0000000711000000| Untracked 
| 111|0x0000000711100000, 0x0000000711100000, 0x0000000711200000|  0%| F|  |TAMS 0x0000000711100000, 0x0000000711100000| Untracked 
| 112|0x0000000711200000, 0x0000000711200000, 0x0000000711300000|  0%| F|  |TAMS 0x0000000711200000, 0x0000000711200000| Untracked 
| 113|0x0000000711300000, 0x0000000711300000, 0x0000000711400000|  0%| F|  |TAMS 0x0000000711300000, 0x0000000711300000| Untracked 
| 114|0x0000000711400000, 0x0000000711400000, 0x0000000711500000|  0%| F|  |TAMS 0x0000000711400000, 0x0000000711400000| Untracked 
| 115|0x0000000711500000, 0x0000000711500000, 0x0000000711600000|  0%| F|  |TAMS 0x0000000711500000, 0x0000000711500000| Untracked 
| 116|0x0000000711600000, 0x0000000711600000, 0x0000000711700000|  0%| F|  |TAMS 0x0000000711600000, 0x0000000711600000| Untracked 
| 117|0x0000000711700000, 0x0000000711700000, 0x0000000711800000|  0%| F|  |TAMS 0x0000000711700000, 0x0000000711700000| Untracked 
| 118|0x0000000711800000, 0x0000000711803af0, 0x0000000711900000|  1%| S|CS|TAMS 0x0000000711800000, 0x0000000711800000| Complete 
| 119|0x0000000711900000, 0x0000000711900000, 0x0000000711a00000|  0%| F|  |TAMS 0x0000000711900000, 0x0000000711900000| Untracked 
| 120|0x0000000711a00000, 0x0000000711a00000, 0x0000000711b00000|  0%| F|  |TAMS 0x0000000711a00000, 0x0000000711a00000| Untracked 
| 121|0x0000000711b00000, 0x0000000711b00000, 0x0000000711c00000|  0%| F|  |TAMS 0x0000000711b00000, 0x0000000711b00000| Untracked 
| 122|0x0000000711c00000, 0x0000000711c00000, 0x0000000711d00000|  0%| F|  |TAMS 0x0000000711c00000, 0x0000000711c00000| Untracked 
| 123|0x0000000711d00000, 0x0000000711d00000, 0x0000000711e00000|  0%| F|  |TAMS 0x0000000711d00000, 0x0000000711d00000| Untracked 
| 124|0x0000000711e00000, 0x0000000711e00000, 0x0000000711f00000|  0%| F|  |TAMS 0x0000000711e00000, 0x0000000711e00000| Untracked 
| 125|0x0000000711f00000, 0x0000000711f00000, 0x0000000712000000|  0%| F|  |TAMS 0x0000000711f00000, 0x0000000711f00000| Untracked 
| 126|0x0000000712000000, 0x0000000712000000, 0x0000000712100000|  0%| F|  |TAMS 0x0000000712000000, 0x0000000712000000| Untracked 
| 127|0x0000000712100000, 0x0000000712100000, 0x0000000712200000|  0%| F|  |TAMS 0x0000000712100000, 0x0000000712100000| Untracked 
| 128|0x0000000712200000, 0x0000000712200000, 0x0000000712300000|  0%| F|  |TAMS 0x0000000712200000, 0x0000000712200000| Untracked 
| 129|0x0000000712300000, 0x0000000712300000, 0x0000000712400000|  0%| F|  |TAMS 0x0000000712300000, 0x0000000712300000| Untracked 
| 130|0x0000000712400000, 0x0000000712400000, 0x0000000712500000|  0%| F|  |TAMS 0x0000000712400000, 0x0000000712400000| Untracked 
| 131|0x0000000712500000, 0x0000000712500000, 0x0000000712600000|  0%| F|  |TAMS 0x0000000712500000, 0x0000000712500000| Untracked 
| 132|0x0000000712600000, 0x0000000712600000, 0x0000000712700000|  0%| F|  |TAMS 0x0000000712600000, 0x0000000712600000| Untracked 
| 133|0x0000000712700000, 0x0000000712700000, 0x0000000712800000|  0%| F|  |TAMS 0x0000000712700000, 0x0000000712700000| Untracked 
| 134|0x0000000712800000, 0x0000000712800000, 0x0000000712900000|  0%| F|  |TAMS 0x0000000712800000, 0x0000000712800000| Untracked 
| 135|0x0000000712900000, 0x0000000712900000, 0x0000000712a00000|  0%| F|  |TAMS 0x0000000712900000, 0x0000000712900000| Untracked 
| 136|0x0000000712a00000, 0x0000000712a00000, 0x0000000712b00000|  0%| F|  |TAMS 0x0000000712a00000, 0x0000000712a00000| Untracked 
| 137|0x0000000712b00000, 0x0000000712b00000, 0x0000000712c00000|  0%| F|  |TAMS 0x0000000712b00000, 0x0000000712b00000| Untracked 
| 138|0x0000000712c00000, 0x0000000712c00000, 0x0000000712d00000|  0%| F|  |TAMS 0x0000000712c00000, 0x0000000712c00000| Untracked 
| 139|0x0000000712d00000, 0x0000000712d00000, 0x0000000712e00000|  0%| F|  |TAMS 0x0000000712d00000, 0x0000000712d00000| Untracked 
| 140|0x0000000712e00000, 0x0000000712e00000, 0x0000000712f00000|  0%| F|  |TAMS 0x0000000712e00000, 0x0000000712e00000| Untracked 
| 141|0x0000000712f00000, 0x0000000712f00000, 0x0000000713000000|  0%| F|  |TAMS 0x0000000712f00000, 0x0000000712f00000| Untracked 
| 142|0x0000000713000000, 0x0000000713000000, 0x0000000713100000|  0%| F|  |TAMS 0x0000000713000000, 0x0000000713000000| Untracked 
| 143|0x0000000713100000, 0x0000000713100000, 0x0000000713200000|  0%| F|  |TAMS 0x0000000713100000, 0x0000000713100000| Untracked 
| 144|0x0000000713200000, 0x0000000713200000, 0x0000000713300000|  0%| F|  |TAMS 0x0000000713200000, 0x0000000713200000| Untracked 
| 145|0x0000000713300000, 0x0000000713300000, 0x0000000713400000|  0%| F|  |TAMS 0x0000000713300000, 0x0000000713300000| Untracked 
| 146|0x0000000713400000, 0x0000000713400000, 0x0000000713500000|  0%| F|  |TAMS 0x0000000713400000, 0x0000000713400000| Untracked 
| 147|0x0000000713500000, 0x0000000713500000, 0x0000000713600000|  0%| F|  |TAMS 0x0000000713500000, 0x0000000713500000| Untracked 
| 148|0x0000000713600000, 0x0000000713600000, 0x0000000713700000|  0%| F|  |TAMS 0x0000000713600000, 0x0000000713600000| Untracked 
| 149|0x0000000713700000, 0x0000000713700000, 0x0000000713800000|  0%| F|  |TAMS 0x0000000713700000, 0x0000000713700000| Untracked 
| 150|0x0000000713800000, 0x0000000713800000, 0x0000000713900000|  0%| F|  |TAMS 0x0000000713800000, 0x0000000713800000| Untracked 
| 151|0x0000000713900000, 0x0000000713900000, 0x0000000713a00000|  0%| F|  |TAMS 0x0000000713900000, 0x0000000713900000| Untracked 
| 152|0x0000000713a00000, 0x0000000713a00000, 0x0000000713b00000|  0%| F|  |TAMS 0x0000000713a00000, 0x0000000713a00000| Untracked 
| 153|0x0000000713b00000, 0x0000000713b00000, 0x0000000713c00000|  0%| F|  |TAMS 0x0000000713b00000, 0x0000000713b00000| Untracked 
| 154|0x0000000713c00000, 0x0000000713c00000, 0x0000000713d00000|  0%| F|  |TAMS 0x0000000713c00000, 0x0000000713c00000| Untracked 
| 155|0x0000000713d00000, 0x0000000713d00000, 0x0000000713e00000|  0%| F|  |TAMS 0x0000000713d00000, 0x0000000713d00000| Untracked 
| 156|0x0000000713e00000, 0x0000000713e00000, 0x0000000713f00000|  0%| F|  |TAMS 0x0000000713e00000, 0x0000000713e00000| Untracked 
| 157|0x0000000713f00000, 0x0000000713f00000, 0x0000000714000000|  0%| F|  |TAMS 0x0000000713f00000, 0x0000000713f00000| Untracked 
| 158|0x0000000714000000, 0x0000000714000000, 0x0000000714100000|  0%| F|  |TAMS 0x0000000714000000, 0x0000000714000000| Untracked 
| 159|0x0000000714100000, 0x0000000714100000, 0x0000000714200000|  0%| F|  |TAMS 0x0000000714100000, 0x0000000714100000| Untracked 
| 160|0x0000000714200000, 0x0000000714200000, 0x0000000714300000|  0%| F|  |TAMS 0x0000000714200000, 0x0000000714200000| Untracked 
| 161|0x0000000714300000, 0x0000000714300000, 0x0000000714400000|  0%| F|  |TAMS 0x0000000714300000, 0x0000000714300000| Untracked 
| 162|0x0000000714400000, 0x0000000714400000, 0x0000000714500000|  0%| F|  |TAMS 0x0000000714400000, 0x0000000714400000| Untracked 
| 163|0x0000000714500000, 0x0000000714500000, 0x0000000714600000|  0%| F|  |TAMS 0x0000000714500000, 0x0000000714500000| Untracked 
| 164|0x0000000714600000, 0x0000000714600000, 0x0000000714700000|  0%| F|  |TAMS 0x0000000714600000, 0x0000000714600000| Untracked 
| 165|0x0000000714700000, 0x0000000714700000, 0x0000000714800000|  0%| F|  |TAMS 0x0000000714700000, 0x0000000714700000| Untracked 
| 166|0x0000000714800000, 0x0000000714800000, 0x0000000714900000|  0%| F|  |TAMS 0x0000000714800000, 0x0000000714800000| Untracked 
| 167|0x0000000714900000, 0x0000000714900000, 0x0000000714a00000|  0%| F|  |TAMS 0x0000000714900000, 0x0000000714900000| Untracked 
| 168|0x0000000714a00000, 0x0000000714a00000, 0x0000000714b00000|  0%| F|  |TAMS 0x0000000714a00000, 0x0000000714a00000| Untracked 
| 169|0x0000000714b00000, 0x0000000714b00000, 0x0000000714c00000|  0%| F|  |TAMS 0x0000000714b00000, 0x0000000714b00000| Untracked 
| 170|0x0000000714c00000, 0x0000000714c00000, 0x0000000714d00000|  0%| F|  |TAMS 0x0000000714c00000, 0x0000000714c00000| Untracked 
| 171|0x0000000714d00000, 0x0000000714d00000, 0x0000000714e00000|  0%| F|  |TAMS 0x0000000714d00000, 0x0000000714d00000| Untracked 
| 172|0x0000000714e00000, 0x0000000714e00000, 0x0000000714f00000|  0%| F|  |TAMS 0x0000000714e00000, 0x0000000714e00000| Untracked 
| 173|0x0000000714f00000, 0x0000000714f00000, 0x0000000715000000|  0%| F|  |TAMS 0x0000000714f00000, 0x0000000714f00000| Untracked 
| 174|0x0000000715000000, 0x0000000715000000, 0x0000000715100000|  0%| F|  |TAMS 0x0000000715000000, 0x0000000715000000| Untracked 
| 175|0x0000000715100000, 0x0000000715180800, 0x0000000715200000| 50%| E|  |TAMS 0x0000000715100000, 0x0000000715100000| Complete 
| 176|0x0000000715200000, 0x0000000715300000, 0x0000000715300000|100%| E|CS|TAMS 0x0000000715200000, 0x0000000715200000| Complete 
| 177|0x0000000715300000, 0x0000000715400000, 0x0000000715400000|100%| E|CS|TAMS 0x0000000715300000, 0x0000000715300000| Complete 
| 178|0x0000000715400000, 0x0000000715500000, 0x0000000715500000|100%| E|CS|TAMS 0x0000000715400000, 0x0000000715400000| Complete 
| 179|0x0000000715500000, 0x0000000715600000, 0x0000000715600000|100%| E|CS|TAMS 0x0000000715500000, 0x0000000715500000| Complete 
| 180|0x0000000715600000, 0x0000000715700000, 0x0000000715700000|100%| E|CS|TAMS 0x0000000715600000, 0x0000000715600000| Complete 
| 181|0x0000000715700000, 0x0000000715800000, 0x0000000715800000|100%| E|CS|TAMS 0x0000000715700000, 0x0000000715700000| Complete 
| 182|0x0000000715800000, 0x0000000715900000, 0x0000000715900000|100%| E|CS|TAMS 0x0000000715800000, 0x0000000715800000| Complete 
| 183|0x0000000715900000, 0x0000000715a00000, 0x0000000715a00000|100%| E|CS|TAMS 0x0000000715900000, 0x0000000715900000| Complete 
| 184|0x0000000715a00000, 0x0000000715b00000, 0x0000000715b00000|100%| E|CS|TAMS 0x0000000715a00000, 0x0000000715a00000| Complete 
| 185|0x0000000715b00000, 0x0000000715c00000, 0x0000000715c00000|100%| E|CS|TAMS 0x0000000715b00000, 0x0000000715b00000| Complete 
| 186|0x0000000715c00000, 0x0000000715d00000, 0x0000000715d00000|100%| E|CS|TAMS 0x0000000715c00000, 0x0000000715c00000| Complete 
| 187|0x0000000715d00000, 0x0000000715e00000, 0x0000000715e00000|100%| E|CS|TAMS 0x0000000715d00000, 0x0000000715d00000| Complete 
| 188|0x0000000715e00000, 0x0000000715f00000, 0x0000000715f00000|100%| E|CS|TAMS 0x0000000715e00000, 0x0000000715e00000| Complete 
| 189|0x0000000715f00000, 0x0000000716000000, 0x0000000716000000|100%| E|CS|TAMS 0x0000000715f00000, 0x0000000715f00000| Complete 
| 190|0x0000000716000000, 0x0000000716100000, 0x0000000716100000|100%| E|CS|TAMS 0x0000000716000000, 0x0000000716000000| Complete 
| 191|0x0000000716100000, 0x0000000716200000, 0x0000000716200000|100%| E|CS|TAMS 0x0000000716100000, 0x0000000716100000| Complete 
| 192|0x0000000716200000, 0x0000000716300000, 0x0000000716300000|100%| E|CS|TAMS 0x0000000716200000, 0x0000000716200000| Complete 
| 193|0x0000000716300000, 0x0000000716400000, 0x0000000716400000|100%| E|CS|TAMS 0x0000000716300000, 0x0000000716300000| Complete 
| 194|0x0000000716400000, 0x0000000716500000, 0x0000000716500000|100%| E|CS|TAMS 0x0000000716400000, 0x0000000716400000| Complete 
| 195|0x0000000716500000, 0x0000000716600000, 0x0000000716600000|100%| E|CS|TAMS 0x0000000716500000, 0x0000000716500000| Complete 
| 196|0x0000000716600000, 0x0000000716700000, 0x0000000716700000|100%| E|CS|TAMS 0x0000000716600000, 0x0000000716600000| Complete 
| 197|0x0000000716700000, 0x0000000716800000, 0x0000000716800000|100%| E|CS|TAMS 0x0000000716700000, 0x0000000716700000| Complete 
| 198|0x0000000716800000, 0x0000000716900000, 0x0000000716900000|100%| E|CS|TAMS 0x0000000716800000, 0x0000000716800000| Complete 
| 199|0x0000000716900000, 0x0000000716a00000, 0x0000000716a00000|100%| E|CS|TAMS 0x0000000716900000, 0x0000000716900000| Complete 
| 200|0x0000000716a00000, 0x0000000716b00000, 0x0000000716b00000|100%| E|CS|TAMS 0x0000000716a00000, 0x0000000716a00000| Complete 
| 201|0x0000000716b00000, 0x0000000716c00000, 0x0000000716c00000|100%| E|CS|TAMS 0x0000000716b00000, 0x0000000716b00000| Complete 
| 202|0x0000000716c00000, 0x0000000716d00000, 0x0000000716d00000|100%| E|CS|TAMS 0x0000000716c00000, 0x0000000716c00000| Complete 
| 203|0x0000000716d00000, 0x0000000716e00000, 0x0000000716e00000|100%| E|CS|TAMS 0x0000000716d00000, 0x0000000716d00000| Complete 
| 204|0x0000000716e00000, 0x0000000716f00000, 0x0000000716f00000|100%| E|CS|TAMS 0x0000000716e00000, 0x0000000716e00000| Complete 
| 205|0x0000000716f00000, 0x0000000717000000, 0x0000000717000000|100%| E|CS|TAMS 0x0000000716f00000, 0x0000000716f00000| Complete 
| 206|0x0000000717000000, 0x0000000717100000, 0x0000000717100000|100%| E|CS|TAMS 0x0000000717000000, 0x0000000717000000| Complete 
| 207|0x0000000717100000, 0x0000000717200000, 0x0000000717200000|100%| E|CS|TAMS 0x0000000717100000, 0x0000000717100000| Complete 
| 208|0x0000000717200000, 0x0000000717300000, 0x0000000717300000|100%| E|CS|TAMS 0x0000000717200000, 0x0000000717200000| Complete 
| 209|0x0000000717300000, 0x0000000717400000, 0x0000000717400000|100%| E|CS|TAMS 0x0000000717300000, 0x0000000717300000| Complete 
| 210|0x0000000717400000, 0x0000000717500000, 0x0000000717500000|100%| E|CS|TAMS 0x0000000717400000, 0x0000000717400000| Complete 
| 211|0x0000000717500000, 0x0000000717600000, 0x0000000717600000|100%| E|CS|TAMS 0x0000000717500000, 0x0000000717500000| Complete 
| 212|0x0000000717600000, 0x0000000717700000, 0x0000000717700000|100%| E|CS|TAMS 0x0000000717600000, 0x0000000717600000| Complete 
| 213|0x0000000717700000, 0x0000000717800000, 0x0000000717800000|100%| E|CS|TAMS 0x0000000717700000, 0x0000000717700000| Complete 
| 214|0x0000000717800000, 0x0000000717900000, 0x0000000717900000|100%| E|CS|TAMS 0x0000000717800000, 0x0000000717800000| Complete 
| 215|0x0000000717900000, 0x0000000717a00000, 0x0000000717a00000|100%| E|CS|TAMS 0x0000000717900000, 0x0000000717900000| Complete 
| 216|0x0000000717a00000, 0x0000000717b00000, 0x0000000717b00000|100%| E|CS|TAMS 0x0000000717a00000, 0x0000000717a00000| Complete 
| 217|0x0000000717b00000, 0x0000000717c00000, 0x0000000717c00000|100%| E|CS|TAMS 0x0000000717b00000, 0x0000000717b00000| Complete 
| 218|0x0000000717c00000, 0x0000000717d00000, 0x0000000717d00000|100%| E|CS|TAMS 0x0000000717c00000, 0x0000000717c00000| Complete 
| 219|0x0000000717d00000, 0x0000000717e00000, 0x0000000717e00000|100%| E|CS|TAMS 0x0000000717d00000, 0x0000000717d00000| Complete 
| 220|0x0000000717e00000, 0x0000000717f00000, 0x0000000717f00000|100%| E|CS|TAMS 0x0000000717e00000, 0x0000000717e00000| Complete 
| 221|0x0000000717f00000, 0x0000000718000000, 0x0000000718000000|100%| E|CS|TAMS 0x0000000717f00000, 0x0000000717f00000| Complete 
| 222|0x0000000718000000, 0x0000000718100000, 0x0000000718100000|100%| E|CS|TAMS 0x0000000718000000, 0x0000000718000000| Complete 
| 223|0x0000000718100000, 0x0000000718200000, 0x0000000718200000|100%| E|CS|TAMS 0x0000000718100000, 0x0000000718100000| Complete 
| 224|0x0000000718200000, 0x0000000718300000, 0x0000000718300000|100%| E|CS|TAMS 0x0000000718200000, 0x0000000718200000| Complete 
| 225|0x0000000718300000, 0x0000000718400000, 0x0000000718400000|100%| E|CS|TAMS 0x0000000718300000, 0x0000000718300000| Complete 
| 226|0x0000000718400000, 0x0000000718500000, 0x0000000718500000|100%| E|CS|TAMS 0x0000000718400000, 0x0000000718400000| Complete 
| 227|0x0000000718500000, 0x0000000718600000, 0x0000000718600000|100%| E|CS|TAMS 0x0000000718500000, 0x0000000718500000| Complete 
| 228|0x0000000718600000, 0x0000000718700000, 0x0000000718700000|100%| E|CS|TAMS 0x0000000718600000, 0x0000000718600000| Complete 
| 229|0x0000000718700000, 0x0000000718800000, 0x0000000718800000|100%| E|CS|TAMS 0x0000000718700000, 0x0000000718700000| Complete 
| 230|0x0000000718800000, 0x0000000718900000, 0x0000000718900000|100%| E|CS|TAMS 0x0000000718800000, 0x0000000718800000| Complete 
| 231|0x0000000718900000, 0x0000000718a00000, 0x0000000718a00000|100%| E|CS|TAMS 0x0000000718900000, 0x0000000718900000| Complete 
| 232|0x0000000718a00000, 0x0000000718b00000, 0x0000000718b00000|100%| E|CS|TAMS 0x0000000718a00000, 0x0000000718a00000| Complete 
| 233|0x0000000718b00000, 0x0000000718c00000, 0x0000000718c00000|100%| E|CS|TAMS 0x0000000718b00000, 0x0000000718b00000| Complete 
| 234|0x0000000718c00000, 0x0000000718d00000, 0x0000000718d00000|100%| E|CS|TAMS 0x0000000718c00000, 0x0000000718c00000| Complete 
| 235|0x0000000718d00000, 0x0000000718e00000, 0x0000000718e00000|100%| E|CS|TAMS 0x0000000718d00000, 0x0000000718d00000| Complete 
| 236|0x0000000718e00000, 0x0000000718f00000, 0x0000000718f00000|100%| E|CS|TAMS 0x0000000718e00000, 0x0000000718e00000| Complete 
| 237|0x0000000718f00000, 0x0000000719000000, 0x0000000719000000|100%| E|CS|TAMS 0x0000000718f00000, 0x0000000718f00000| Complete 
| 238|0x0000000719000000, 0x0000000719100000, 0x0000000719100000|100%| E|CS|TAMS 0x0000000719000000, 0x0000000719000000| Complete 
| 239|0x0000000719100000, 0x0000000719200000, 0x0000000719200000|100%| E|CS|TAMS 0x0000000719100000, 0x0000000719100000| Complete 
| 240|0x0000000719200000, 0x0000000719300000, 0x0000000719300000|100%| E|CS|TAMS 0x0000000719200000, 0x0000000719200000| Complete 
| 241|0x0000000719300000, 0x0000000719400000, 0x0000000719400000|100%| E|CS|TAMS 0x0000000719300000, 0x0000000719300000| Complete 
| 242|0x0000000719400000, 0x0000000719500000, 0x0000000719500000|100%| E|CS|TAMS 0x0000000719400000, 0x0000000719400000| Complete 
| 243|0x0000000719500000, 0x0000000719600000, 0x0000000719600000|100%| E|CS|TAMS 0x0000000719500000, 0x0000000719500000| Complete 
| 244|0x0000000719600000, 0x0000000719700000, 0x0000000719700000|100%| E|CS|TAMS 0x0000000719600000, 0x0000000719600000| Complete 
| 245|0x0000000719700000, 0x0000000719800000, 0x0000000719800000|100%| E|CS|TAMS 0x0000000719700000, 0x0000000719700000| Complete 
| 246|0x0000000719800000, 0x0000000719900000, 0x0000000719900000|100%| E|CS|TAMS 0x0000000719800000, 0x0000000719800000| Complete 
| 247|0x0000000719900000, 0x0000000719a00000, 0x0000000719a00000|100%| E|CS|TAMS 0x0000000719900000, 0x0000000719900000| Complete 
| 248|0x0000000719a00000, 0x0000000719b00000, 0x0000000719b00000|100%| E|CS|TAMS 0x0000000719a00000, 0x0000000719a00000| Complete 
| 249|0x0000000719b00000, 0x0000000719c00000, 0x0000000719c00000|100%| E|CS|TAMS 0x0000000719b00000, 0x0000000719b00000| Complete 
| 250|0x0000000719c00000, 0x0000000719d00000, 0x0000000719d00000|100%| E|CS|TAMS 0x0000000719c00000, 0x0000000719c00000| Complete 
| 251|0x0000000719d00000, 0x0000000719e00000, 0x0000000719e00000|100%| E|CS|TAMS 0x0000000719d00000, 0x0000000719d00000| Complete 
| 252|0x0000000719e00000, 0x0000000719f00000, 0x0000000719f00000|100%| E|CS|TAMS 0x0000000719e00000, 0x0000000719e00000| Complete 
| 253|0x0000000719f00000, 0x000000071a000000, 0x000000071a000000|100%| E|CS|TAMS 0x0000000719f00000, 0x0000000719f00000| Complete 
| 254|0x000000071a000000, 0x000000071a100000, 0x000000071a100000|100%| E|CS|TAMS 0x000000071a000000, 0x000000071a000000| Complete 
| 255|0x000000071a100000, 0x000000071a200000, 0x000000071a200000|100%| E|CS|TAMS 0x000000071a100000, 0x000000071a100000| Complete 
| 256|0x000000071a200000, 0x000000071a300000, 0x000000071a300000|100%| E|CS|TAMS 0x000000071a200000, 0x000000071a200000| Complete 
| 257|0x000000071a300000, 0x000000071a400000, 0x000000071a400000|100%| E|CS|TAMS 0x000000071a300000, 0x000000071a300000| Complete 
| 258|0x000000071a400000, 0x000000071a500000, 0x000000071a500000|100%| E|CS|TAMS 0x000000071a400000, 0x000000071a400000| Complete 
| 259|0x000000071a500000, 0x000000071a600000, 0x000000071a600000|100%| E|CS|TAMS 0x000000071a500000, 0x000000071a500000| Complete 
| 260|0x000000071a600000, 0x000000071a700000, 0x000000071a700000|100%| E|CS|TAMS 0x000000071a600000, 0x000000071a600000| Complete 
| 261|0x000000071a700000, 0x000000071a800000, 0x000000071a800000|100%| E|CS|TAMS 0x000000071a700000, 0x000000071a700000| Complete 
| 262|0x000000071a800000, 0x000000071a900000, 0x000000071a900000|100%| E|CS|TAMS 0x000000071a800000, 0x000000071a800000| Complete 
| 263|0x000000071a900000, 0x000000071aa00000, 0x000000071aa00000|100%| E|CS|TAMS 0x000000071a900000, 0x000000071a900000| Complete 
| 264|0x000000071aa00000, 0x000000071ab00000, 0x000000071ab00000|100%| E|CS|TAMS 0x000000071aa00000, 0x000000071aa00000| Complete 
| 265|0x000000071ab00000, 0x000000071ac00000, 0x000000071ac00000|100%| E|CS|TAMS 0x000000071ab00000, 0x000000071ab00000| Complete 
| 266|0x000000071ac00000, 0x000000071ad00000, 0x000000071ad00000|100%| E|CS|TAMS 0x000000071ac00000, 0x000000071ac00000| Complete 
| 267|0x000000071ad00000, 0x000000071ae00000, 0x000000071ae00000|100%| E|CS|TAMS 0x000000071ad00000, 0x000000071ad00000| Complete 
| 268|0x000000071ae00000, 0x000000071af00000, 0x000000071af00000|100%| E|CS|TAMS 0x000000071ae00000, 0x000000071ae00000| Complete 
| 269|0x000000071af00000, 0x000000071b000000, 0x000000071b000000|100%| E|CS|TAMS 0x000000071af00000, 0x000000071af00000| Complete 
| 270|0x000000071b000000, 0x000000071b100000, 0x000000071b100000|100%| E|CS|TAMS 0x000000071b000000, 0x000000071b000000| Complete 
| 271|0x000000071b100000, 0x000000071b200000, 0x000000071b200000|100%| E|CS|TAMS 0x000000071b100000, 0x000000071b100000| Complete 
| 272|0x000000071b200000, 0x000000071b300000, 0x000000071b300000|100%| E|CS|TAMS 0x000000071b200000, 0x000000071b200000| Complete 
| 273|0x000000071b300000, 0x000000071b400000, 0x000000071b400000|100%| E|CS|TAMS 0x000000071b300000, 0x000000071b300000| Complete 
| 274|0x000000071b400000, 0x000000071b500000, 0x000000071b500000|100%| E|CS|TAMS 0x000000071b400000, 0x000000071b400000| Complete 
| 275|0x000000071b500000, 0x000000071b600000, 0x000000071b600000|100%| E|CS|TAMS 0x000000071b500000, 0x000000071b500000| Complete 
| 276|0x000000071b600000, 0x000000071b700000, 0x000000071b700000|100%| E|CS|TAMS 0x000000071b600000, 0x000000071b600000| Complete 
| 277|0x000000071b700000, 0x000000071b800000, 0x000000071b800000|100%| E|CS|TAMS 0x000000071b700000, 0x000000071b700000| Complete 
| 278|0x000000071b800000, 0x000000071b900000, 0x000000071b900000|100%| E|CS|TAMS 0x000000071b800000, 0x000000071b800000| Complete 
| 279|0x000000071b900000, 0x000000071ba00000, 0x000000071ba00000|100%| E|CS|TAMS 0x000000071b900000, 0x000000071b900000| Complete 
| 280|0x000000071ba00000, 0x000000071bb00000, 0x000000071bb00000|100%| E|CS|TAMS 0x000000071ba00000, 0x000000071ba00000| Complete 
| 281|0x000000071bb00000, 0x000000071bc00000, 0x000000071bc00000|100%| E|CS|TAMS 0x000000071bb00000, 0x000000071bb00000| Complete 
| 282|0x000000071bc00000, 0x000000071bd00000, 0x000000071bd00000|100%| E|CS|TAMS 0x000000071bc00000, 0x000000071bc00000| Complete 
| 283|0x000000071bd00000, 0x000000071be00000, 0x000000071be00000|100%| E|CS|TAMS 0x000000071bd00000, 0x000000071bd00000| Complete 
| 284|0x000000071be00000, 0x000000071bf00000, 0x000000071bf00000|100%| E|CS|TAMS 0x000000071be00000, 0x000000071be00000| Complete 
| 285|0x000000071bf00000, 0x000000071c000000, 0x000000071c000000|100%| E|CS|TAMS 0x000000071bf00000, 0x000000071bf00000| Complete 
| 286|0x000000071c000000, 0x000000071c100000, 0x000000071c100000|100%| E|CS|TAMS 0x000000071c000000, 0x000000071c000000| Complete 
| 287|0x000000071c100000, 0x000000071c200000, 0x000000071c200000|100%| E|CS|TAMS 0x000000071c100000, 0x000000071c100000| Complete 
| 288|0x000000071c200000, 0x000000071c300000, 0x000000071c300000|100%| E|CS|TAMS 0x000000071c200000, 0x000000071c200000| Complete 
| 289|0x000000071c300000, 0x000000071c400000, 0x000000071c400000|100%| E|CS|TAMS 0x000000071c300000, 0x000000071c300000| Complete 
| 290|0x000000071c400000, 0x000000071c500000, 0x000000071c500000|100%| E|CS|TAMS 0x000000071c400000, 0x000000071c400000| Complete 
| 291|0x000000071c500000, 0x000000071c600000, 0x000000071c600000|100%| E|CS|TAMS 0x000000071c500000, 0x000000071c500000| Complete 
| 292|0x000000071c600000, 0x000000071c700000, 0x000000071c700000|100%| E|CS|TAMS 0x000000071c600000, 0x000000071c600000| Complete 
| 293|0x000000071c700000, 0x000000071c800000, 0x000000071c800000|100%| E|CS|TAMS 0x000000071c700000, 0x000000071c700000| Complete 
| 294|0x000000071c800000, 0x000000071c900000, 0x000000071c900000|100%| E|CS|TAMS 0x000000071c800000, 0x000000071c800000| Complete 
| 295|0x000000071c900000, 0x000000071ca00000, 0x000000071ca00000|100%| E|CS|TAMS 0x000000071c900000, 0x000000071c900000| Complete 

Card table byte_map: [0x000002dac15a0000,0x000002dac1d50000] _byte_map_base: 0x000002dabdd4f000

Marking Bits (Prev, Next): (CMBitMap*) 0x000002daa6f91cd0, (CMBitMap*) 0x000002daa6f91c98
 Prev Bits: [0x000002dac6280000, 0x000002dac9ff8000)
 Next Bits: [0x000002dac2500000, 0x000002dac6278000)

Polling page: 0x000002daa7010000

Metaspace:

Usage:
  Non-class:     23.46 MB capacity,    22.88 MB ( 98%) used,   488.13 KB (  2%) free+waste,   112.38 KB ( <1%) overhead. 
      Class:      3.61 MB capacity,     3.21 MB ( 89%) used,   351.05 KB ( 10%) free+waste,    57.00 KB (  2%) overhead. 
       Both:     27.07 MB capacity,    26.08 MB ( 96%) used,   839.18 KB (  3%) free+waste,   169.38 KB ( <1%) overhead. 

Virtual space:
  Non-class space:       24.00 MB reserved,      23.50 MB ( 98%) committed 
      Class space:        1.00 GB reserved,       3.63 MB ( <1%) committed 
             Both:        1.02 GB reserved,      27.13 MB (  3%) committed 

Chunk freelists:
   Non-Class:  39.00 KB
       Class:  0 bytes
        Both:  39.00 KB

MaxMetaspaceSize: 17179869184.00 GB
CompressedClassSpaceSize: 1.00 GB
Initial GC threshold: 20.80 MB
Current GC threshold: 35.00 MB
CDS: off

CodeHeap 'non-profiled nmethods': size=119168Kb used=2911Kb max_used=2911Kb free=116256Kb
 bounds [0x000002dab89e0000, 0x000002dab8cc0000, 0x000002dabfe40000]
CodeHeap 'profiled nmethods': size=119168Kb used=8094Kb max_used=8094Kb free=111073Kb
 bounds [0x000002dab1580000, 0x000002dab1d70000, 0x000002dab89e0000]
CodeHeap 'non-nmethods': size=7424Kb used=1459Kb max_used=3218Kb free=5964Kb
 bounds [0x000002dab0e40000, 0x000002dab1180000, 0x000002dab1580000]
 total_blobs=4989 nmethods=4200 adapters=701
 compilation: enabled
              stopped_count=0, restarted_count=0
 full_count=0

Compilation events (20 events):
Event: 129.762 Thread 0x000002dacf643000 4198       4       sun.util.locale.LocaleUtils::isAlpha (30 bytes)
Event: 129.762 Thread 0x000002dacf643000 nmethod 4198 0x000002dab8cb5790 code [0x000002dab8cb5920, 0x000002dab8cb59b8]
Event: 129.764 Thread 0x000002dacefb7800 4199       4       sun.util.locale.LocaleUtils::isAlphaNumeric (20 bytes)
Event: 129.765 Thread 0x000002dacefb7800 nmethod 4199 0x000002dab8cb5a90 code [0x000002dab8cb5c20, 0x000002dab8cb5cb8]
Event: 129.772 Thread 0x000002dacda44000 4200       4       java.util.logging.Logger::getUseParentHandlers (8 bytes)
Event: 129.772 Thread 0x000002dacda44000 nmethod 4200 0x000002dab8cb5d90 code [0x000002dab8cb5f20, 0x000002dab8cb5f98]
Event: 129.779 Thread 0x000002dace287000 4201       4       java.util.logging.Logger::demandLogger (36 bytes)
Event: 129.781 Thread 0x000002dace287000 nmethod 4201 0x000002dab8cb6090 code [0x000002dab8cb6260, 0x000002dab8cb6458]
Event: 130.634 Thread 0x000002dacf643000 4202 % !   4       Models.clientRebre::run @ 0 (69 bytes)
Event: 130.641 Thread 0x000002dacf643000 nmethod 4202% 0x000002dab8cb6690 code [0x000002dab8cb68c0, 0x000002dab8cb6f20]
Event: 259.380 Thread 0x000002dacda47000 4203       3       java.lang.reflect.Constructor::setAccessible (21 bytes)
Event: 259.381 Thread 0x000002dacda47000 nmethod 4203 0x000002dab1d64790 code [0x000002dab1d649c0, 0x000002dab1d65038]
Event: 259.381 Thread 0x000002dacda47000 4204       3       java.lang.reflect.Constructor::checkCanSetAccessible (29 bytes)
Event: 259.381 Thread 0x000002dacda47000 nmethod 4204 0x000002dab1d65290 code [0x000002dab1d65460, 0x000002dab1d65738]
Event: 259.381 Thread 0x000002dacda47000 4205       3       java.lang.invoke.MemberName::asSpecial (89 bytes)
Event: 259.381 Thread 0x000002dacda47000 nmethod 4205 0x000002dab1d65890 code [0x000002dab1d65b60, 0x000002dab1d66808]
Event: 259.381 Thread 0x000002dacda47000 4206       3       java.lang.ClassLoader::findNative (81 bytes)
Event: 259.382 Thread 0x000002dacda47000 nmethod 4206 0x000002dab1d66c90 code [0x000002dab1d66ee0, 0x000002dab1d67718]
Event: 1578.877 Thread 0x000002dacda44000 4207       4       java.io.IOException::<init> (6 bytes)
Event: 1578.879 Thread 0x000002dacda44000 nmethod 4207 0x000002dab8cb7690 code [0x000002dab8cb7840, 0x000002dab8cb7bf8]

GC Heap History (20 events):
Event: 2823.223 GC heap before
{Heap before GC invocations=12238 (full 0):
 garbage-first heap   total 303104K, used 193203K [0x000000070a200000, 0x0000000800000000)
  region size 1024K, 177 young (181248K), 1 survivors (1024K)
 Metaspace       used 26709K, capacity 27718K, committed 27776K, reserved 1073152K
  class space    used 3284K, capacity 3693K, committed 3712K, reserved 1048576K
}
Event: 2823.224 GC heap after
{Heap after GC invocations=12239 (full 0):
 garbage-first heap   total 303104K, used 12977K [0x000000070a200000, 0x0000000800000000)
  region size 1024K, 1 young (1024K), 1 survivors (1024K)
 Metaspace       used 26709K, capacity 27718K, committed 27776K, reserved 1073152K
  class space    used 3284K, capacity 3693K, committed 3712K, reserved 1048576K
}
Event: 2823.474 GC heap before
{Heap before GC invocations=12239 (full 0):
 garbage-first heap   total 303104K, used 193201K [0x000000070a200000, 0x0000000800000000)
  region size 1024K, 177 young (181248K), 1 survivors (1024K)
 Metaspace       used 26709K, capacity 27718K, committed 27776K, reserved 1073152K
  class space    used 3284K, capacity 3693K, committed 3712K, reserved 1048576K
}
Event: 2823.476 GC heap after
{Heap after GC invocations=12240 (full 0):
 garbage-first heap   total 303104K, used 12979K [0x000000070a200000, 0x0000000800000000)
  region size 1024K, 1 young (1024K), 1 survivors (1024K)
 Metaspace       used 26709K, capacity 27718K, committed 27776K, reserved 1073152K
  class space    used 3284K, capacity 3693K, committed 3712K, reserved 1048576K
}
Event: 2823.723 GC heap before
{Heap before GC invocations=12240 (full 0):
 garbage-first heap   total 303104K, used 193203K [0x000000070a200000, 0x0000000800000000)
  region size 1024K, 177 young (181248K), 1 survivors (1024K)
 Metaspace       used 26709K, capacity 27718K, committed 27776K, reserved 1073152K
  class space    used 3284K, capacity 3693K, committed 3712K, reserved 1048576K
}
Event: 2823.724 GC heap after
{Heap after GC invocations=12241 (full 0):
 garbage-first heap   total 303104K, used 12979K [0x000000070a200000, 0x0000000800000000)
  region size 1024K, 1 young (1024K), 1 survivors (1024K)
 Metaspace       used 26709K, capacity 27718K, committed 27776K, reserved 1073152K
  class space    used 3284K, capacity 3693K, committed 3712K, reserved 1048576K
}
Event: 2823.974 GC heap before
{Heap before GC invocations=12241 (full 0):
 garbage-first heap   total 303104K, used 193203K [0x000000070a200000, 0x0000000800000000)
  region size 1024K, 177 young (181248K), 1 survivors (1024K)
 Metaspace       used 26709K, capacity 27718K, committed 27776K, reserved 1073152K
  class space    used 3284K, capacity 3693K, committed 3712K, reserved 1048576K
}
Event: 2823.976 GC heap after
{Heap after GC invocations=12242 (full 0):
 garbage-first heap   total 303104K, used 12979K [0x000000070a200000, 0x0000000800000000)
  region size 1024K, 1 young (1024K), 1 survivors (1024K)
 Metaspace       used 26709K, capacity 27718K, committed 27776K, reserved 1073152K
  class space    used 3284K, capacity 3693K, committed 3712K, reserved 1048576K
}
Event: 2824.220 GC heap before
{Heap before GC invocations=12242 (full 0):
 garbage-first heap   total 303104K, used 193203K [0x000000070a200000, 0x0000000800000000)
  region size 1024K, 177 young (181248K), 1 survivors (1024K)
 Metaspace       used 26709K, capacity 27718K, committed 27776K, reserved 1073152K
  class space    used 3284K, capacity 3693K, committed 3712K, reserved 1048576K
}
Event: 2824.221 GC heap after
{Heap after GC invocations=12243 (full 0):
 garbage-first heap   total 303104K, used 12979K [0x000000070a200000, 0x0000000800000000)
  region size 1024K, 1 young (1024K), 1 survivors (1024K)
 Metaspace       used 26709K, capacity 27718K, committed 27776K, reserved 1073152K
  class space    used 3284K, capacity 3693K, committed 3712K, reserved 1048576K
}
Event: 2824.467 GC heap before
{Heap before GC invocations=12243 (full 0):
 garbage-first heap   total 303104K, used 193203K [0x000000070a200000, 0x0000000800000000)
  region size 1024K, 177 young (181248K), 1 survivors (1024K)
 Metaspace       used 26709K, capacity 27718K, committed 27776K, reserved 1073152K
  class space    used 3284K, capacity 3693K, committed 3712K, reserved 1048576K
}
Event: 2824.468 GC heap after
{Heap after GC invocations=12244 (full 0):
 garbage-first heap   total 303104K, used 12979K [0x000000070a200000, 0x0000000800000000)
  region size 1024K, 1 young (1024K), 1 survivors (1024K)
 Metaspace       used 26709K, capacity 27718K, committed 27776K, reserved 1073152K
  class space    used 3284K, capacity 3693K, committed 3712K, reserved 1048576K
}
Event: 2824.715 GC heap before
{Heap before GC invocations=12244 (full 0):
 garbage-first heap   total 303104K, used 193203K [0x000000070a200000, 0x0000000800000000)
  region size 1024K, 177 young (181248K), 1 survivors (1024K)
 Metaspace       used 26709K, capacity 27718K, committed 27776K, reserved 1073152K
  class space    used 3284K, capacity 3693K, committed 3712K, reserved 1048576K
}
Event: 2824.716 GC heap after
{Heap after GC invocations=12245 (full 0):
 garbage-first heap   total 303104K, used 12979K [0x000000070a200000, 0x0000000800000000)
  region size 1024K, 1 young (1024K), 1 survivors (1024K)
 Metaspace       used 26709K, capacity 27718K, committed 27776K, reserved 1073152K
  class space    used 3284K, capacity 3693K, committed 3712K, reserved 1048576K
}
Event: 2824.962 GC heap before
{Heap before GC invocations=12245 (full 0):
 garbage-first heap   total 303104K, used 193203K [0x000000070a200000, 0x0000000800000000)
  region size 1024K, 177 young (181248K), 1 survivors (1024K)
 Metaspace       used 26709K, capacity 27718K, committed 27776K, reserved 1073152K
  class space    used 3284K, capacity 3693K, committed 3712K, reserved 1048576K
}
Event: 2824.963 GC heap after
{Heap after GC invocations=12246 (full 0):
 garbage-first heap   total 303104K, used 12979K [0x000000070a200000, 0x0000000800000000)
  region size 1024K, 1 young (1024K), 1 survivors (1024K)
 Metaspace       used 26709K, capacity 27718K, committed 27776K, reserved 1073152K
  class space    used 3284K, capacity 3693K, committed 3712K, reserved 1048576K
}
Event: 2825.211 GC heap before
{Heap before GC invocations=12246 (full 0):
 garbage-first heap   total 303104K, used 193203K [0x000000070a200000, 0x0000000800000000)
  region size 1024K, 177 young (181248K), 1 survivors (1024K)
 Metaspace       used 26709K, capacity 27718K, committed 27776K, reserved 1073152K
  class space    used 3284K, capacity 3693K, committed 3712K, reserved 1048576K
}
Event: 2825.212 GC heap after
{Heap after GC invocations=12247 (full 0):
 garbage-first heap   total 303104K, used 12979K [0x000000070a200000, 0x0000000800000000)
  region size 1024K, 1 young (1024K), 1 survivors (1024K)
 Metaspace       used 26709K, capacity 27718K, committed 27776K, reserved 1073152K
  class space    used 3284K, capacity 3693K, committed 3712K, reserved 1048576K
}
Event: 2825.457 GC heap before
{Heap before GC invocations=12247 (full 0):
 garbage-first heap   total 303104K, used 193203K [0x000000070a200000, 0x0000000800000000)
  region size 1024K, 177 young (181248K), 1 survivors (1024K)
 Metaspace       used 26709K, capacity 27718K, committed 27776K, reserved 1073152K
  class space    used 3284K, capacity 3693K, committed 3712K, reserved 1048576K
}
Event: 2825.458 GC heap after
{Heap after GC invocations=12248 (full 0):
 garbage-first heap   total 303104K, used 12979K [0x000000070a200000, 0x0000000800000000)
  region size 1024K, 1 young (1024K), 1 survivors (1024K)
 Metaspace       used 26709K, capacity 27718K, committed 27776K, reserved 1073152K
  class space    used 3284K, capacity 3693K, committed 3712K, reserved 1048576K
}

Deoptimization events (20 events):
Event: 128.068 Thread 0x000002dacefb8800 DEOPT PACKING pc=0x000002dab8bf5dec sp=0x000000f2ed3fed70
Event: 128.068 Thread 0x000002dacefb8800 DEOPT UNPACKING pc=0x000002dab0e8a1af sp=0x000000f2ed3fed20 mode 2
Event: 128.163 Thread 0x000002dacefb8800 Uncommon trap: trap_request=0xffffffde fr.pc=0x000002dab8c316ac relative=0x000000000000010c
Event: 128.163 Thread 0x000002dacefb8800 Uncommon trap: reason=class_check action=maybe_recompile pc=0x000002dab8c316ac method=jdk.internal.misc.Unsafe.allocateUninitializedArray(Ljava/lang/Class;I)Ljava/lang/Object; @ 48 c2
Event: 128.163 Thread 0x000002dacefb8800 DEOPT PACKING pc=0x000002dab8c316ac sp=0x000000f2ed3fe8f0
Event: 128.163 Thread 0x000002dacefb8800 DEOPT UNPACKING pc=0x000002dab0e8a1af sp=0x000000f2ed3fe878 mode 2
Event: 128.163 Thread 0x000002dacefb8800 Uncommon trap: trap_request=0xffffffde fr.pc=0x000002dab8c316ac relative=0x000000000000010c
Event: 128.163 Thread 0x000002dacefb8800 Uncommon trap: reason=class_check action=maybe_recompile pc=0x000002dab8c316ac method=jdk.internal.misc.Unsafe.allocateUninitializedArray(Ljava/lang/Class;I)Ljava/lang/Object; @ 48 c2
Event: 128.163 Thread 0x000002dacefb8800 DEOPT PACKING pc=0x000002dab8c316ac sp=0x000000f2ed3fe8f0
Event: 128.163 Thread 0x000002dacefb8800 DEOPT UNPACKING pc=0x000002dab0e8a1af sp=0x000000f2ed3fe878 mode 2
Event: 128.163 Thread 0x000002dacefb8800 Uncommon trap: trap_request=0xffffffde fr.pc=0x000002dab8c316ac relative=0x000000000000010c
Event: 128.163 Thread 0x000002dacefb8800 Uncommon trap: reason=class_check action=maybe_recompile pc=0x000002dab8c316ac method=jdk.internal.misc.Unsafe.allocateUninitializedArray(Ljava/lang/Class;I)Ljava/lang/Object; @ 48 c2
Event: 128.163 Thread 0x000002dacefb8800 DEOPT PACKING pc=0x000002dab8c316ac sp=0x000000f2ed3fe8f0
Event: 128.163 Thread 0x000002dacefb8800 DEOPT UNPACKING pc=0x000002dab0e8a1af sp=0x000000f2ed3fe878 mode 2
Event: 128.163 Thread 0x000002dacefb8800 Uncommon trap: trap_request=0xffffffde fr.pc=0x000002dab8c316ac relative=0x000000000000010c
Event: 128.163 Thread 0x000002dacefb8800 Uncommon trap: reason=class_check action=maybe_recompile pc=0x000002dab8c316ac method=jdk.internal.misc.Unsafe.allocateUninitializedArray(Ljava/lang/Class;I)Ljava/lang/Object; @ 48 c2
Event: 128.163 Thread 0x000002dacefb8800 DEOPT PACKING pc=0x000002dab8c316ac sp=0x000000f2ed3fe8f0
Event: 128.163 Thread 0x000002dacefb8800 DEOPT UNPACKING pc=0x000002dab0e8a1af sp=0x000000f2ed3fe878 mode 2
Event: 130.808 Thread 0x000002dacefb8800 DEOPT PACKING pc=0x000002dab1d5ee82 sp=0x000000f2ed3fee70
Event: 130.808 Thread 0x000002dacefb8800 DEOPT UNPACKING pc=0x000002dab0e8a95e sp=0x000000f2ed3fe480 mode 0

Classes redefined (0 events):
No events

Internal exceptions (20 events):
Event: 2825.627 Thread 0x000002dacefb8800 Exception <a 'java/io/IOException'{0x00000007151068d0}> (0x00000007151068d0) thrown at [./src/hotspot/share/prims/jni.cpp, line 615]
Event: 2825.627 Thread 0x000002dacefb8800 Exception <a 'java/io/IOException'{0x000000071510bb60}> (0x000000071510bb60) thrown at [./src/hotspot/share/prims/jni.cpp, line 615]
Event: 2825.627 Thread 0x000002dacefb8800 Exception <a 'java/io/IOException'{0x0000000715110df0}> (0x0000000715110df0) thrown at [./src/hotspot/share/prims/jni.cpp, line 615]
Event: 2825.627 Thread 0x000002dacefb8800 Exception <a 'java/io/IOException'{0x0000000715116080}> (0x0000000715116080) thrown at [./src/hotspot/share/prims/jni.cpp, line 615]
Event: 2825.627 Thread 0x000002dacefb8800 Exception <a 'java/io/IOException'{0x000000071511b310}> (0x000000071511b310) thrown at [./src/hotspot/share/prims/jni.cpp, line 615]
Event: 2825.627 Thread 0x000002dacefb8800 Exception <a 'java/io/IOException'{0x00000007151205a0}> (0x00000007151205a0) thrown at [./src/hotspot/share/prims/jni.cpp, line 615]
Event: 2825.627 Thread 0x000002dacefb8800 Exception <a 'java/io/IOException'{0x0000000715125830}> (0x0000000715125830) thrown at [./src/hotspot/share/prims/jni.cpp, line 615]
Event: 2825.627 Thread 0x000002dacefb8800 Exception <a 'java/io/IOException'{0x000000071512aac0}> (0x000000071512aac0) thrown at [./src/hotspot/share/prims/jni.cpp, line 615]
Event: 2825.627 Thread 0x000002dacefb8800 Exception <a 'java/io/IOException'{0x000000071512fd50}> (0x000000071512fd50) thrown at [./src/hotspot/share/prims/jni.cpp, line 615]
Event: 2825.627 Thread 0x000002dacefb8800 Exception <a 'java/io/IOException'{0x0000000715134fe0}> (0x0000000715134fe0) thrown at [./src/hotspot/share/prims/jni.cpp, line 615]
Event: 2825.627 Thread 0x000002dacefb8800 Exception <a 'java/io/IOException'{0x000000071513a270}> (0x000000071513a270) thrown at [./src/hotspot/share/prims/jni.cpp, line 615]
Event: 2825.627 Thread 0x000002dacefb8800 Exception <a 'java/io/IOException'{0x000000071513f500}> (0x000000071513f500) thrown at [./src/hotspot/share/prims/jni.cpp, line 615]
Event: 2825.627 Thread 0x000002dacefb8800 Exception <a 'java/io/IOException'{0x0000000715144790}> (0x0000000715144790) thrown at [./src/hotspot/share/prims/jni.cpp, line 615]
Event: 2825.627 Thread 0x000002dacefb8800 Exception <a 'java/io/IOException'{0x0000000715149a20}> (0x0000000715149a20) thrown at [./src/hotspot/share/prims/jni.cpp, line 615]
Event: 2825.627 Thread 0x000002dacefb8800 Exception <a 'java/io/IOException'{0x000000071514ecb0}> (0x000000071514ecb0) thrown at [./src/hotspot/share/prims/jni.cpp, line 615]
Event: 2825.627 Thread 0x000002dacefb8800 Exception <a 'java/io/IOException'{0x0000000715153f40}> (0x0000000715153f40) thrown at [./src/hotspot/share/prims/jni.cpp, line 615]
Event: 2825.627 Thread 0x000002dacefb8800 Exception <a 'java/io/IOException'{0x00000007151591d0}> (0x00000007151591d0) thrown at [./src/hotspot/share/prims/jni.cpp, line 615]
Event: 2825.627 Thread 0x000002dacefb8800 Exception <a 'java/io/IOException'{0x000000071515e460}> (0x000000071515e460) thrown at [./src/hotspot/share/prims/jni.cpp, line 615]
Event: 2825.627 Thread 0x000002dacefb8800 Exception <a 'java/io/IOException'{0x00000007151636f0}> (0x00000007151636f0) thrown at [./src/hotspot/share/prims/jni.cpp, line 615]
Event: 2825.627 Thread 0x000002dacefb8800 Implicit null exception at 0x000002dab8ba5932 to 0x0000000000000000

Events (20 events):
Event: 2823.223 Executing VM operation: G1CollectForAllocation
Event: 2823.224 Executing VM operation: G1CollectForAllocation done
Event: 2823.474 Executing VM operation: G1CollectForAllocation
Event: 2823.476 Executing VM operation: G1CollectForAllocation done
Event: 2823.723 Executing VM operation: G1CollectForAllocation
Event: 2823.724 Executing VM operation: G1CollectForAllocation done
Event: 2823.974 Executing VM operation: G1CollectForAllocation
Event: 2823.976 Executing VM operation: G1CollectForAllocation done
Event: 2824.220 Executing VM operation: G1CollectForAllocation
Event: 2824.221 Executing VM operation: G1CollectForAllocation done
Event: 2824.467 Executing VM operation: G1CollectForAllocation
Event: 2824.468 Executing VM operation: G1CollectForAllocation done
Event: 2824.715 Executing VM operation: G1CollectForAllocation
Event: 2824.716 Executing VM operation: G1CollectForAllocation done
Event: 2824.962 Executing VM operation: G1CollectForAllocation
Event: 2824.963 Executing VM operation: G1CollectForAllocation done
Event: 2825.211 Executing VM operation: G1CollectForAllocation
Event: 2825.212 Executing VM operation: G1CollectForAllocation done
Event: 2825.457 Executing VM operation: G1CollectForAllocation
Event: 2825.458 Executing VM operation: G1CollectForAllocation done


Dynamic libraries:
0x00007ff7c3de0000 - 0x00007ff7c3ded000 	C:\Program Files\Microsoft\jdk-11.0.12.7-hotspot\bin\java.exe
0x00007ff922ef0000 - 0x00007ff9230e5000 	C:\WINDOWS\SYSTEM32\ntdll.dll
0x00007ff922ba0000 - 0x00007ff922c5e000 	C:\WINDOWS\System32\KERNEL32.DLL
0x00007ff920a20000 - 0x00007ff920ce8000 	C:\WINDOWS\System32\KERNELBASE.dll
0x00007ff920e50000 - 0x00007ff920f50000 	C:\WINDOWS\System32\ucrtbase.dll
0x00007ff919930000 - 0x00007ff919947000 	C:\Program Files\Microsoft\jdk-11.0.12.7-hotspot\bin\jli.dll
0x00007ff919950000 - 0x00007ff919965000 	C:\Program Files\Microsoft\jdk-11.0.12.7-hotspot\bin\VCRUNTIME140.dll
0x00007ff921f40000 - 0x00007ff9220e0000 	C:\WINDOWS\System32\USER32.dll
0x00007ff91f9d0000 - 0x00007ff91fc6a000 	C:\WINDOWS\WinSxS\amd64_microsoft.windows.common-controls_6595b64144ccf1df_6.0.19041.1110_none_60b5254171f9507e\COMCTL32.dll
0x00007ff9206b0000 - 0x00007ff9206d2000 	C:\WINDOWS\System32\win32u.dll
0x00007ff921820000 - 0x00007ff92184a000 	C:\WINDOWS\System32\GDI32.dll
0x00007ff921850000 - 0x00007ff9218ee000 	C:\WINDOWS\System32\msvcrt.dll
0x00007ff920d40000 - 0x00007ff920e4b000 	C:\WINDOWS\System32\gdi32full.dll
0x00007ff920610000 - 0x00007ff9206ad000 	C:\WINDOWS\System32\msvcp_win.dll
0x00007ff9217f0000 - 0x00007ff921820000 	C:\WINDOWS\System32\IMM32.DLL
0x00007ff9090e0000 - 0x00007ff90917b000 	C:\Program Files\Microsoft\jdk-11.0.12.7-hotspot\bin\msvcp140.dll
0x00007ff8c1110000 - 0x00007ff8c1c71000 	C:\Program Files\Microsoft\jdk-11.0.12.7-hotspot\bin\server\jvm.dll
0x00007ff9221a0000 - 0x00007ff92224e000 	C:\WINDOWS\System32\ADVAPI32.dll
0x00007ff922b00000 - 0x00007ff922b9c000 	C:\WINDOWS\System32\sechost.dll
0x00007ff921e10000 - 0x00007ff921f35000 	C:\WINDOWS\System32\RPCRT4.dll
0x00007ff9213c0000 - 0x00007ff9213c8000 	C:\WINDOWS\System32\PSAPI.DLL
0x00007ff914e40000 - 0x00007ff914e67000 	C:\WINDOWS\SYSTEM32\WINMM.dll
0x00007ff91d220000 - 0x00007ff91d22a000 	C:\WINDOWS\SYSTEM32\VERSION.dll
0x00007ff91e970000 - 0x00007ff91e979000 	C:\WINDOWS\SYSTEM32\WSOCK32.dll
0x00007ff9216a0000 - 0x00007ff92170b000 	C:\WINDOWS\System32\WS2_32.dll
0x00007ff91d6f0000 - 0x00007ff91d702000 	C:\WINDOWS\SYSTEM32\kernel.appcore.dll
0x00007ff919920000 - 0x00007ff919930000 	C:\Program Files\Microsoft\jdk-11.0.12.7-hotspot\bin\verify.dll
0x00007ff91ffa0000 - 0x00007ff920184000 	C:\WINDOWS\SYSTEM32\DBGHELP.DLL
0x00007ff91ff70000 - 0x00007ff91ff9c000 	C:\WINDOWS\SYSTEM32\dbgcore.DLL
0x00007ff920800000 - 0x00007ff920882000 	C:\WINDOWS\System32\bcryptPrimitives.dll
0x00007ff9090b0000 - 0x00007ff9090d8000 	C:\Program Files\Microsoft\jdk-11.0.12.7-hotspot\bin\java.dll
0x00007ff919910000 - 0x00007ff91991a000 	C:\Program Files\Microsoft\jdk-11.0.12.7-hotspot\bin\jimage.dll
0x00007ff918480000 - 0x00007ff91848e000 	C:\Program Files\Microsoft\jdk-11.0.12.7-hotspot\bin\instrument.dll
0x00007ff909a00000 - 0x00007ff909a17000 	C:\Program Files\Microsoft\jdk-11.0.12.7-hotspot\bin\zip.dll
0x00007ff922250000 - 0x00007ff922994000 	C:\WINDOWS\System32\SHELL32.dll
0x00007ff91d9f0000 - 0x00007ff91e184000 	C:\WINDOWS\SYSTEM32\windows.storage.dll
0x00007ff921ab0000 - 0x00007ff921e04000 	C:\WINDOWS\System32\combase.dll
0x00007ff91f870000 - 0x00007ff91f89c000 	C:\WINDOWS\SYSTEM32\Wldp.dll
0x00007ff9215f0000 - 0x00007ff92169d000 	C:\WINDOWS\System32\SHCORE.dll
0x00007ff9229c0000 - 0x00007ff922a15000 	C:\WINDOWS\System32\shlwapi.dll
0x00007ff920550000 - 0x00007ff92056f000 	C:\WINDOWS\SYSTEM32\profapi.dll
0x00007ff909090000 - 0x00007ff9090a9000 	C:\Program Files\Microsoft\jdk-11.0.12.7-hotspot\bin\net.dll
0x00007ff90ecb0000 - 0x00007ff90edba000 	C:\WINDOWS\SYSTEM32\WINHTTP.dll
0x00007ff91f620000 - 0x00007ff91f68a000 	C:\WINDOWS\system32\mswsock.dll
0x00007ff909070000 - 0x00007ff909082000 	C:\Program Files\Microsoft\jdk-11.0.12.7-hotspot\bin\nio.dll
0x00007ff909050000 - 0x00007ff90906a000 	C:\Program Files\JetBrains\IntelliJ\bin\breakgen64.dll
0x000002dad0630000 - 0x000002dad0633000 	C:\Program Files\Microsoft\jdk-11.0.12.7-hotspot\bin\api-ms-win-core-console-l1-1-0.dll
0x000002dad0640000 - 0x000002dad0643000 	C:\Program Files\Microsoft\jdk-11.0.12.7-hotspot\bin\api-ms-win-core-datetime-l1-1-0.dll
0x000002dad0650000 - 0x000002dad0653000 	C:\Program Files\Microsoft\jdk-11.0.12.7-hotspot\bin\api-ms-win-core-debug-l1-1-0.dll
0x000002dad0660000 - 0x000002dad0663000 	C:\Program Files\Microsoft\jdk-11.0.12.7-hotspot\bin\api-ms-win-core-errorhandling-l1-1-0.dll
0x000002dad08d0000 - 0x000002dad08d4000 	C:\Program Files\Microsoft\jdk-11.0.12.7-hotspot\bin\api-ms-win-core-file-l1-1-0.dll
0x000002dad08e0000 - 0x000002dad08e3000 	C:\Program Files\Microsoft\jdk-11.0.12.7-hotspot\bin\api-ms-win-core-file-l1-2-0.dll
0x000002dad08f0000 - 0x000002dad08f3000 	C:\Program Files\Microsoft\jdk-11.0.12.7-hotspot\bin\api-ms-win-core-file-l2-1-0.dll
0x000002dad0900000 - 0x000002dad0903000 	C:\Program Files\Microsoft\jdk-11.0.12.7-hotspot\bin\api-ms-win-core-handle-l1-1-0.dll
0x000002dad0910000 - 0x000002dad0913000 	C:\Program Files\Microsoft\jdk-11.0.12.7-hotspot\bin\api-ms-win-core-heap-l1-1-0.dll
0x000002dad0920000 - 0x000002dad0923000 	C:\Program Files\Microsoft\jdk-11.0.12.7-hotspot\bin\api-ms-win-core-interlocked-l1-1-0.dll
0x000002dad0930000 - 0x000002dad0933000 	C:\Program Files\Microsoft\jdk-11.0.12.7-hotspot\bin\api-ms-win-core-libraryloader-l1-1-0.dll
0x000002dad0940000 - 0x000002dad0943000 	C:\Program Files\Microsoft\jdk-11.0.12.7-hotspot\bin\api-ms-win-core-localization-l1-2-0.dll
0x000002dad0950000 - 0x000002dad0953000 	C:\Program Files\Microsoft\jdk-11.0.12.7-hotspot\bin\api-ms-win-core-memory-l1-1-0.dll
0x000002dad0960000 - 0x000002dad0963000 	C:\Program Files\Microsoft\jdk-11.0.12.7-hotspot\bin\api-ms-win-core-namedpipe-l1-1-0.dll
0x000002dad0970000 - 0x000002dad0973000 	C:\Program Files\Microsoft\jdk-11.0.12.7-hotspot\bin\api-ms-win-core-processenvironment-l1-1-0.dll
0x000002dad0980000 - 0x000002dad0983000 	C:\Program Files\Microsoft\jdk-11.0.12.7-hotspot\bin\api-ms-win-core-processthreads-l1-1-0.dll
0x000002dad07a0000 - 0x000002dad07a3000 	C:\Program Files\Microsoft\jdk-11.0.12.7-hotspot\bin\api-ms-win-core-processthreads-l1-1-1.dll
0x000002dad07b0000 - 0x000002dad07b3000 	C:\Program Files\Microsoft\jdk-11.0.12.7-hotspot\bin\api-ms-win-core-profile-l1-1-0.dll
0x000002dad07c0000 - 0x000002dad07c3000 	C:\Program Files\Microsoft\jdk-11.0.12.7-hotspot\bin\api-ms-win-core-rtlsupport-l1-1-0.dll
0x000002dad07d0000 - 0x000002dad07d3000 	C:\Program Files\Microsoft\jdk-11.0.12.7-hotspot\bin\api-ms-win-core-string-l1-1-0.dll
0x000002dad07e0000 - 0x000002dad07e3000 	C:\Program Files\Microsoft\jdk-11.0.12.7-hotspot\bin\api-ms-win-core-synch-l1-1-0.dll
0x000002dad07f0000 - 0x000002dad07f3000 	C:\Program Files\Microsoft\jdk-11.0.12.7-hotspot\bin\api-ms-win-core-synch-l1-2-0.dll
0x000002dad0800000 - 0x000002dad0803000 	C:\Program Files\Microsoft\jdk-11.0.12.7-hotspot\bin\api-ms-win-core-sysinfo-l1-1-0.dll
0x000002dad0810000 - 0x000002dad0813000 	C:\Program Files\Microsoft\jdk-11.0.12.7-hotspot\bin\api-ms-win-core-timezone-l1-1-0.dll
0x000002dad0820000 - 0x000002dad0823000 	C:\Program Files\Microsoft\jdk-11.0.12.7-hotspot\bin\api-ms-win-core-util-l1-1-0.dll
0x000002dad0830000 - 0x000002dad0833000 	C:\Program Files\Microsoft\jdk-11.0.12.7-hotspot\bin\api-ms-win-crt-conio-l1-1-0.dll
0x000002dad0840000 - 0x000002dad0844000 	C:\Program Files\Microsoft\jdk-11.0.12.7-hotspot\bin\api-ms-win-crt-convert-l1-1-0.dll
0x000002dad0850000 - 0x000002dad0853000 	C:\Program Files\Microsoft\jdk-11.0.12.7-hotspot\bin\api-ms-win-crt-environment-l1-1-0.dll
0x000002dad0860000 - 0x000002dad0863000 	C:\Program Files\Microsoft\jdk-11.0.12.7-hotspot\bin\api-ms-win-crt-filesystem-l1-1-0.dll
0x000002dad0670000 - 0x000002dad0673000 	C:\Program Files\Microsoft\jdk-11.0.12.7-hotspot\bin\api-ms-win-crt-heap-l1-1-0.dll
0x000002dad0680000 - 0x000002dad0683000 	C:\Program Files\Microsoft\jdk-11.0.12.7-hotspot\bin\api-ms-win-crt-locale-l1-1-0.dll
0x000002dad0690000 - 0x000002dad0695000 	C:\Program Files\Microsoft\jdk-11.0.12.7-hotspot\bin\api-ms-win-crt-math-l1-1-0.dll
0x000002dad06a0000 - 0x000002dad06a5000 	C:\Program Files\Microsoft\jdk-11.0.12.7-hotspot\bin\api-ms-win-crt-multibyte-l1-1-0.dll
0x000002dad06b0000 - 0x000002dad06c0000 	C:\Program Files\Microsoft\jdk-11.0.12.7-hotspot\bin\api-ms-win-crt-private-l1-1-0.dll
0x000002dad06c0000 - 0x000002dad06c3000 	C:\Program Files\Microsoft\jdk-11.0.12.7-hotspot\bin\api-ms-win-crt-process-l1-1-0.dll
0x000002dad06d0000 - 0x000002dad06d4000 	C:\Program Files\Microsoft\jdk-11.0.12.7-hotspot\bin\api-ms-win-crt-runtime-l1-1-0.dll
0x000002dad06e0000 - 0x000002dad06e4000 	C:\Program Files\Microsoft\jdk-11.0.12.7-hotspot\bin\api-ms-win-crt-stdio-l1-1-0.dll
0x000002dad06f0000 - 0x000002dad06f4000 	C:\Program Files\Microsoft\jdk-11.0.12.7-hotspot\bin\api-ms-win-crt-string-l1-1-0.dll
0x000002dad0700000 - 0x000002dad0703000 	C:\Program Files\Microsoft\jdk-11.0.12.7-hotspot\bin\api-ms-win-crt-time-l1-1-0.dll
0x000002dad0710000 - 0x000002dad0713000 	C:\Program Files\Microsoft\jdk-11.0.12.7-hotspot\bin\api-ms-win-crt-utility-l1-1-0.dll
0x00007ff8fc5d0000 - 0x00007ff8fc6cc000 	C:\Program Files\Microsoft\jdk-11.0.12.7-hotspot\bin\ucrtbase.dll
0x00007ff8fdea0000 - 0x00007ff8fdeee000 	C:\Windows\System32\concrt140.dll
0x00007ff902d00000 - 0x00007ff902d0c000 	C:\WINDOWS\SYSTEM32\VCRUNTIME140_1.dll
0x00007ff9058d0000 - 0x00007ff9058f3000 	C:\Users\paufb\.openjfx\cache\11.0.2\prism_d3d.dll
0x00007ff90af20000 - 0x00007ff90b0ef000 	C:\WINDOWS\system32\d3d9.dll
0x00007ff91d4e0000 - 0x00007ff91d50f000 	C:\WINDOWS\SYSTEM32\dwmapi.dll
0x00007ff91d2f0000 - 0x00007ff91d38e000 	C:\WINDOWS\system32\uxtheme.dll
0x00007ff9213d0000 - 0x00007ff9214fa000 	C:\WINDOWS\System32\ole32.dll
0x00007ff8fde50000 - 0x00007ff8fde95000 	C:\Users\paufb\.openjfx\cache\11.0.2\glass.dll
0x00007ff921710000 - 0x00007ff9217eb000 	C:\WINDOWS\System32\COMDLG32.dll
0x00007ff922de0000 - 0x00007ff922ead000 	C:\WINDOWS\System32\OLEAUT32.dll
0x00007ff8c66a0000 - 0x00007ff8c67ae000 	C:\Program Files (x86)\Razer\Razer Cortex\x64\k_fps64.dll
0x00007ff8c6350000 - 0x00007ff8c65bf000 	C:\Program Files (x86)\Razer\Razer Cortex\x64\D3DCOMPILER_43.dll
0x00007ff8c6640000 - 0x00007ff8c6697000 	C:\Program Files (x86)\Razer\Razer Cortex\x64\EasyHook64.dll
0x00007ff8c65c0000 - 0x00007ff8c663f000 	C:\Program Files (x86)\Razer\Razer Cortex\x64\d3dx10_43.dll
0x00007ff8c5fb0000 - 0x00007ff8c60d6000 	C:\WINDOWS\SYSTEM32\OPENGL32.dll
0x00007ff8c60e0000 - 0x00007ff8c6343000 	C:\Program Files (x86)\Razer\Razer Cortex\x64\d3dx9_43.dll
0x00007ff8c9760000 - 0x00007ff8c978c000 	C:\WINDOWS\SYSTEM32\GLU32.dll
0x00007ff922c60000 - 0x00007ff922d75000 	C:\WINDOWS\System32\MSCTF.dll
0x00007ff919f60000 - 0x00007ff919f9b000 	C:\WINDOWS\SYSTEM32\dxcore.dll
0x00007ff920cf0000 - 0x00007ff920d3e000 	C:\WINDOWS\System32\cfgmgr32.dll
0x00007ff908f70000 - 0x00007ff908f84000 	C:\Users\paufb\.openjfx\cache\11.0.2\javafx_font.dll
0x00007ff9094c0000 - 0x00007ff90973f000 	C:\WINDOWS\SYSTEM32\dwrite.dll
0x00007ff9220f0000 - 0x00007ff922199000 	C:\WINDOWS\System32\clbcatq.dll
0x00007ff919c20000 - 0x00007ff919dd4000 	C:\WINDOWS\SYSTEM32\WindowsCodecs.dll
0x00007ff920890000 - 0x00007ff9208b7000 	C:\WINDOWS\System32\bcrypt.dll
0x00007ff9199e0000 - 0x00007ff919ad9000 	C:\WINDOWS\SYSTEM32\textinputframework.dll
0x00007ff91cbb0000 - 0x00007ff91cf0e000 	C:\WINDOWS\System32\CoreUIComponents.dll
0x00007ff91cf10000 - 0x00007ff91d002000 	C:\WINDOWS\System32\CoreMessaging.dll
0x00007ff920210000 - 0x00007ff920243000 	C:\WINDOWS\SYSTEM32\ntmarta.dll
0x00007ff91b710000 - 0x00007ff91b864000 	C:\WINDOWS\SYSTEM32\wintypes.dll

dbghelp: loaded successfully - version: 4.0.5 - missing functions: none
symbol engine: initialized successfully - sym options: 0x614 - pdb path: .;C:\Program Files\Microsoft\jdk-11.0.12.7-hotspot\bin;C:\WINDOWS\SYSTEM32;C:\WINDOWS\WinSxS\amd64_microsoft.windows.common-controls_6595b64144ccf1df_6.0.19041.1110_none_60b5254171f9507e;C:\Program Files\Microsoft\jdk-11.0.12.7-hotspot\bin\server;C:\Program Files\JetBrains\IntelliJ\bin;C:\Users\paufb\.openjfx\cache\11.0.2;C:\WINDOWS\System32\DriverStore\FileRepository\u0356850.inf_amd64_76fb070a80aee886\B355990;C:\Program Files (x86)\Razer\Razer Cortex\x64;C:\Program Files\Common Files\Microsoft Shared\Ink

VM Arguments:
jvm_args: -javaagent:C:\Program Files\JetBrains\IntelliJ\lib\idea_rt.jar=55723:C:\Program Files\JetBrains\IntelliJ\bin -Dfile.encoding=UTF-8 --module-path=C:\Users\paufb\.m2\repository\org\openjfx\javafx-web\11.0.2\javafx-web-11.0.2-win.jar;C:\Users\paufb\.m2\repository\com\dlsc\formsfx\formsfx-core\11.3.2\formsfx-core-11.3.2.jar;C:\Users\paufb\.m2\repository\org\controlsfx\controlsfx\11.1.0\controlsfx-11.1.0.jar;C:\Users\paufb\.m2\repository\org\openjfx\javafx-base\11.0.2\javafx-base-11.0.2-win.jar;C:\Users\paufb\.m2\repository\org\openjfx\javafx-graphics\11.0.2\javafx-graphics-11.0.2-win.jar;C:\Users\paufb\.m2\repository\eu\hansolo\tilesfx\11.48\tilesfx-11.48.jar;C:\Users\paufb\.m2\repository\org\kordamp\ikonli\ikonli-core\12.2.0\ikonli-core-12.2.0.jar;C:\Users\paufb\.m2\repository\org\kordamp\ikonli\ikonli-javafx\12.2.0\ikonli-javafx-12.2.0.jar;C:\Users\paufb\.m2\repository\org\openjfx\javafx-media\11.0.2\javafx-media-11.0.2-win.jar;C:\Users\paufb\IdeaProjects\MYXat\target\classes;C:\Users\paufb\.m2\repository\org\openjfx\javafx-controls\11.0.2\javafx-controls-11.0.2-win.jar;C:\Users\paufb\.m2\repository\org\kordamp\bootstrapfx\bootstrapfx-core\0.4.0\bootstrapfx-core-0.4.0.jar;C:\Users\paufb\.m2\repository\org\openjfx\javafx-fxml\11.0.2\javafx-fxml-11.0.2-win.jar;C:\Users\paufb\.m2\repository\net\synedra\validatorfx\0.1.13\validatorfx-0.1.13.jar -Djdk.module.main=com.example.myxat 
java_command: com.example.myxat/com.example.myxat.ClientApp
java_class_path (initial): C:\Users\paufb\.m2\repository\org\openjfx\javafx-controls\11.0.2\javafx-controls-11.0.2.jar;C:\Users\paufb\.m2\repository\org\openjfx\javafx-graphics\11.0.2\javafx-graphics-11.0.2.jar;C:\Users\paufb\.m2\repository\org\openjfx\javafx-base\11.0.2\javafx-base-11.0.2.jar;C:\Users\paufb\.m2\repository\org\openjfx\javafx-fxml\11.0.2\javafx-fxml-11.0.2.jar;C:\Users\paufb\.m2\repository\org\openjfx\javafx-web\11.0.2\javafx-web-11.0.2.jar;C:\Users\paufb\.m2\repository\org\openjfx\javafx-media\11.0.2\javafx-media-11.0.2.jar;C:\Users\paufb\.m2\repository\org\mortbay\jetty\jetty\6.1.25\jetty-6.1.25.jar;C:\Users\paufb\.m2\repository\org\mortbay\jetty\jetty-util\6.1.25\jetty-util-6.1.25.jar;C:\Users\paufb\.m2\repository\org\mortbay\jetty\servlet-api\2.5-20081211\servlet-api-2.5-20081211.jar
Launcher Type: SUN_STANDARD

[Global flags]
     intx CICompilerCount                          = 12                                        {product} {ergonomic}
     uint ConcGCThreads                            = 3                                         {product} {ergonomic}
     uint G1ConcRefinementThreads                  = 13                                        {product} {ergonomic}
   size_t G1HeapRegionSize                         = 1048576                                   {product} {ergonomic}
    uintx GCDrainStackTargetSize                   = 64                                        {product} {ergonomic}
   size_t InitialHeapSize                          = 257949696                                 {product} {ergonomic}
   size_t MarkStackSize                            = 4194304                                   {product} {ergonomic}
   size_t MaxHeapSize                              = 4125097984                                {product} {ergonomic}
   size_t MaxNewSize                               = 2474639360                                {product} {ergonomic}
   size_t MinHeapDeltaBytes                        = 1048576                                   {product} {ergonomic}
    uintx NonNMethodCodeHeapSize                   = 7594288                                {pd product} {ergonomic}
    uintx NonProfiledCodeHeapSize                  = 122031976                              {pd product} {ergonomic}
    uintx ProfiledCodeHeapSize                     = 122031976                              {pd product} {ergonomic}
    uintx ReservedCodeCacheSize                    = 251658240                              {pd product} {ergonomic}
     bool SegmentedCodeCache                       = true                                      {product} {ergonomic}
     bool UseCompressedClassPointers               = true                                 {lp64_product} {ergonomic}
     bool UseCompressedOops                        = true                                 {lp64_product} {ergonomic}
     bool UseG1GC                                  = true                                      {product} {ergonomic}
     bool UseLargePagesIndividualAllocation        = false                                  {pd product} {ergonomic}

Logging:
Log output configuration:
 #0: stdout all=warning uptime,level,tags
 #1: stderr all=off uptime,level,tags

Environment Variables:
JAVA_HOME=C:\Program Files\Eclipse Adoptium\jdk-8.0.322.6-hotspot\
PATH=C:\Program Files\Microsoft\jdk-11.0.12.7-hotspot\bin;C:\Program Files\Eclipse Adoptium\jdk-8.0.322.6-hotspot\bin;C:\WINDOWS\system32;C:\WINDOWS;C:\WINDOWS\System32\Wbem;C:\WINDOWS\System32\WindowsPowerShell\v1.0\;C:\WINDOWS\System32\OpenSSH\;C:\Program Files\dotnet\;C:\Program Files\Microsoft SQL Server\130\Tools\Binn\;C:\Gradle\bin;C:\Program Files\nodejs\;C:\Program Files\Microsoft SQL Server\150\Tools\Binn\;C:\Program Files (x86)\Bitvise SSH Client;C:\Users\paufb\AppData\Local\Microsoft\WindowsApps;C:\Users\paufb\.dotnet\tools;C:\Users\paufb\AppData\Local\Programs\VSCode\bin;C:\Users\paufb\AppData\Roaming\npm;C:\Program Files\JetBrains\IntelliJ\bin;;C:\Program Files (x86)\Brackets\
USERNAME=paufb
OS=Windows_NT
PROCESSOR_IDENTIFIER=AMD64 Family 23 Model 96 Stepping 1, AuthenticAMD



---------------  S Y S T E M  ---------------

OS: Windows 10 , 64 bit Build 19041 (10.0.19041.1645)
OS uptime: 2 days 23:09 hours
Hyper-V role detected

CPU:total 16 (initial active 16) (16 cores per cpu, 2 threads per core) family 23 model 96 stepping 1 microcode 0x0, cmov, cx8, fxsr, mmx, sse, sse2, sse3, ssse3, sse4.1, sse4.2, popcnt, avx, avx2, aes, clmul, mmxext, 3dnowpref, lzcnt, sse4a, ht, tsc, tscinvbit, tscinv, bmi1, bmi2, adx, sha, fma

Memory: 4k page, system-wide physical 15731M (4230M free)
TotalPageFile size 22643M (AvailPageFile size 3822M)
current process WorkingSet (physical memory assigned to process): 219M, peak: 423M
current process commit charge ("private bytes"): 445M, peak: 586M

vm_info: OpenJDK 64-Bit Server VM (11.0.12+7) for windows-amd64 JRE (11.0.12+7), built on Jul 21 2021 15:41:43 by "" with unknown MS VC++:1916

END.
